2025-07-16 11:43:48,072 - PDFExtractor - INFO - Initialized Tesseract v5.5.0.20241111 at C:\Program Files\Tesseract-OCR\tesseract.exe
2025-07-16 11:43:48,072 - PDFExtractor - INFO - Using Poppler from C:\Program Files\poppler\Library\bin
2025-07-16 11:43:48,097 - PDFExtractor - INFO - Found 141 PDFs to process
2025-07-16 11:43:57,975 - pikepdf._core - INFO - pikepdf C++ to Python logger bridge initialized
2025-07-16 11:43:59,662 - unstructured_inference - INFO - Reading PDF for file: Data\Basic Development\Linux basic Course\1. VirtualBox Installation.pdf ...
2025-07-16 11:44:18,837 - PDFExtractor - INFO - Processed: Basic Development\Linux basic Course\1. VirtualBox Installation.pdf
2025-07-16 11:44:18,957 - unstructured_inference - INFO - Reading PDF for file: Data\Basic Development\Linux basic Course\2. Environment Configuration in Windows.pdf ...
2025-07-16 11:44:42,837 - PDFExtractor - INFO - Processed: Basic Development\Linux basic Course\2. Environment Configuration in Windows.pdf
2025-07-16 11:44:43,145 - unstructured_inference - INFO - Reading PDF for file: Data\Basic Development\Linux basic Course\Lesson 1 Linux Introduction.pdf ...
2025-07-16 11:45:07,587 - PDFExtractor - INFO - Processed: Basic Development\Linux basic Course\Lesson 1 Linux Introduction.pdf
2025-07-16 11:45:08,529 - unstructured_inference - INFO - Reading PDF for file: Data\Basic Development\Linux basic Course\Lesson 3 Linux Installation and Source Replacement.pdf ...
2025-07-16 11:49:27,498 - PDFExtractor - INFO - Processed: Basic Development\Linux basic Course\Lesson 3 Linux Installation and Source Replacement.pdf
2025-07-16 11:49:27,841 - unstructured_inference - INFO - Reading PDF for file: Data\Basic Development\Linux basic Course\Lesson 4 Basic Operation of Linux.pdf ...
2025-07-16 11:50:53,053 - PDFExtractor - INFO - Processed: Basic Development\Linux basic Course\Lesson 4 Basic Operation of Linux.pdf
2025-07-16 11:50:53,479 - unstructured_inference - INFO - Reading PDF for file: Data\Basic Development\Linux basic Course\Lesson 5 Linux Directory Introduction.pdf ...
2025-07-16 11:51:34,479 - PDFExtractor - INFO - Processed: Basic Development\Linux basic Course\Lesson 5 Linux Directory Introduction.pdf
2025-07-16 11:51:35,128 - unstructured_inference - INFO - Reading PDF for file: Data\Basic Development\Linux basic Course\Lesson 6 Common Linux Command.pdf ...
2025-07-16 11:52:32,487 - PDFExtractor - INFO - Processed: Basic Development\Linux basic Course\Lesson 6 Common Linux Command.pdf
2025-07-16 11:52:32,895 - unstructured_inference - INFO - Reading PDF for file: Data\Basic Development\Linux basic Course\Lesson 7 Linux Permission.pdf ...
2025-07-16 11:53:34,647 - PDFExtractor - INFO - Processed: Basic Development\Linux basic Course\Lesson 7 Linux Permission.pdf
2025-07-16 11:53:35,400 - unstructured_inference - INFO - Reading PDF for file: Data\Basic Development\Python Course\Lesson 1 Python Introduction and Installation.pdf ...
2025-07-16 11:54:27,750 - PDFExtractor - INFO - Processed: Basic Development\Python Course\Lesson 1 Python Introduction and Installation.pdf
2025-07-16 11:54:28,904 - unstructured_inference - INFO - Reading PDF for file: Data\Basic Development\Python Course\Lesson 10 Python Built-in Function.pdf ...
2025-07-16 11:56:08,310 - PDFExtractor - INFO - Processed: Basic Development\Python Course\Lesson 10 Python Built-in Function.pdf
2025-07-16 11:56:09,030 - unstructured_inference - INFO - Reading PDF for file: Data\Basic Development\Python Course\Lesson 11 Python Multithreading.pdf ...
2025-07-16 11:56:53,184 - PDFExtractor - INFO - Processed: Basic Development\Python Course\Lesson 11 Python Multithreading.pdf
2025-07-16 11:56:53,629 - unstructured_inference - INFO - Reading PDF for file: Data\Basic Development\Python Course\Lesson 12 Usage of Python PiP.pdf ...
2025-07-16 11:57:14,530 - PDFExtractor - INFO - Processed: Basic Development\Python Course\Lesson 12 Usage of Python PiP.pdf
2025-07-16 11:57:14,879 - unstructured_inference - INFO - Reading PDF for file: Data\Basic Development\Python Course\Lesson 13 Python Numpy Basic Operation.pdf ...
2025-07-16 11:57:53,481 - PDFExtractor - INFO - Processed: Basic Development\Python Course\Lesson 13 Python Numpy Basic Operation.pdf
2025-07-16 11:57:53,771 - unstructured_inference - INFO - Reading PDF for file: Data\Basic Development\Python Course\Lesson 2 First Program-“Hello World”.pdf ...
2025-07-16 11:58:14,339 - PDFExtractor - INFO - Processed: Basic Development\Python Course\Lesson 2 First Program-“Hello World”.pdf
2025-07-16 11:58:15,053 - unstructured_inference - INFO - Reading PDF for file: Data\Basic Development\Python Course\Lesson 3 Python Basic Syntax.pdf ...
2025-07-16 11:59:03,087 - PDFExtractor - INFO - Processed: Basic Development\Python Course\Lesson 3 Python Basic Syntax.pdf
2025-07-16 11:59:04,302 - unstructured_inference - INFO - Reading PDF for file: Data\Basic Development\Python Course\Lesson 6 Python Function and Module.pdf ...
2025-07-16 11:59:53,693 - PDFExtractor - INFO - Processed: Basic Development\Python Course\Lesson 6 Python Function and Module.pdf
2025-07-16 11:59:54,365 - unstructured_inference - INFO - Reading PDF for file: Data\Basic Development\Python Course\Lesson 7 Python Container Type and Related Operation.pdf ...
2025-07-16 12:00:29,094 - PDFExtractor - INFO - Processed: Basic Development\Python Course\Lesson 7 Python Container Type and Related Operation.pdf
2025-07-16 12:00:29,475 - unstructured_inference - INFO - Reading PDF for file: Data\Basic Development\Python Course\Lesson 8 Python Class and File Operation.pdf ...
2025-07-16 12:00:57,587 - PDFExtractor - INFO - Processed: Basic Development\Python Course\Lesson 8 Python Class and File Operation.pdf
2025-07-16 12:00:57,850 - unstructured_inference - INFO - Reading PDF for file: Data\Basic Development\Python Course\Lesson 9 Python Exception Handling.pdf ...
2025-07-16 12:01:09,080 - PDFExtractor - INFO - Processed: Basic Development\Python Course\Lesson 9 Python Exception Handling.pdf
2025-07-16 12:01:09,591 - unstructured_inference - INFO - Reading PDF for file: Data\Basic Development\Python Course\Lesson 4 Python Condition Statement\Lesson 4 Python Condition Statement.pdf ...
2025-07-16 12:01:55,065 - PDFExtractor - INFO - Processed: Basic Development\Python Course\Lesson 4 Python Condition Statement\Lesson 4 Python Condition Statement.pdf
2025-07-16 12:01:55,867 - unstructured_inference - INFO - Reading PDF for file: Data\Basic Development\Python Course\Lesson 5 Python Loop Statement\Lesson 5 Python Loop Statement.pdf ...
2025-07-16 12:02:41,276 - PDFExtractor - INFO - Processed: Basic Development\Python Course\Lesson 5 Python Loop Statement\Lesson 5 Python Loop Statement.pdf
2025-07-16 12:02:41,809 - unstructured_inference - INFO - Reading PDF for file: Data\Basic Development\ROS Controller Course\1. Getting Started Guide\1. Getting Started Guide.pdf ...
2025-07-16 12:02:52,662 - PDFExtractor - INFO - Processed: Basic Development\ROS Controller Course\1. Getting Started Guide\1. Getting Started Guide.pdf
2025-07-16 12:02:52,827 - unstructured_inference - INFO - Reading PDF for file: Data\Basic Development\ROS Controller Course\2. Conifiguration Guide\1. Introduction to Jetson Orin Nano.pdf ...
2025-07-16 12:03:08,431 - PDFExtractor - INFO - Processed: Basic Development\ROS Controller Course\2. Conifiguration Guide\1. Introduction to Jetson Orin Nano.pdf
2025-07-16 12:03:09,299 - unstructured_inference - INFO - Reading PDF for file: Data\Basic Development\ROS Controller Course\2. Conifiguration Guide\2. Flashing Firmware Using SDK Manger Tool.pdf ...
2025-07-16 12:05:53,046 - PDFExtractor - INFO - Processed: Basic Development\ROS Controller Course\2. Conifiguration Guide\2. Flashing Firmware Using SDK Manger Tool.pdf
2025-07-16 12:05:53,733 - unstructured_inference - INFO - Reading PDF for file: Data\Basic Development\ROS Controller Course\2. Conifiguration Guide\3. Flashing System Using an SSD.pdf ...
2025-07-16 12:07:14,311 - PDFExtractor - INFO - Processed: Basic Development\ROS Controller Course\2. Conifiguration Guide\3. Flashing System Using an SSD.pdf
2025-07-16 12:07:14,403 - unstructured_inference - INFO - Reading PDF for file: Data\Basic Development\ROS Controller Course\3. Basic Operation Course\1. Start Jetson Orin Nano.pdf ...
2025-07-16 12:07:23,345 - PDFExtractor - INFO - Processed: Basic Development\ROS Controller Course\3. Basic Operation Course\1. Start Jetson Orin Nano.pdf
2025-07-16 12:07:23,537 - unstructured_inference - INFO - Reading PDF for file: Data\Basic Development\ROS Controller Course\3. Basic Operation Course\2. Introduction to System Desktop.pdf ...
2025-07-16 12:07:37,740 - PDFExtractor - INFO - Processed: Basic Development\ROS Controller Course\3. Basic Operation Course\2. Introduction to System Desktop.pdf
2025-07-16 12:07:38,004 - unstructured_inference - INFO - Reading PDF for file: Data\Basic Development\ROS Controller Course\3. Basic Operation Course\3. Network Configuration (Wired and Wireless) .pdf ...
2025-07-16 12:08:13,659 - PDFExtractor - INFO - Processed: Basic Development\ROS Controller Course\3. Basic Operation Course\3. Network Configuration (Wired and Wireless) .pdf
2025-07-16 12:08:14,515 - unstructured_inference - INFO - Reading PDF for file: Data\Basic Development\ROS Controller Course\3. Basic Operation Course\4. Remote Connection.pdf ...
2025-07-16 12:10:18,370 - PDFExtractor - INFO - Processed: Basic Development\ROS Controller Course\3. Basic Operation Course\4. Remote Connection.pdf
2025-07-16 12:10:18,811 - unstructured_inference - INFO - Reading PDF for file: Data\Basic Development\ROS Controller Course\3. Basic Operation Course\5. NVIME System Backup.pdf ...
2025-07-16 12:11:16,554 - PDFExtractor - INFO - Processed: Basic Development\ROS Controller Course\3. Basic Operation Course\5. NVIME System Backup.pdf
2025-07-16 12:11:17,084 - unstructured_inference - INFO - Reading PDF for file: Data\Basic Development\ROS Controller Course\6. OpenCV Computer Vision Course\1. Testing and Usage of USB Camera.pdf ...
2025-07-16 12:11:34,796 - PDFExtractor - INFO - Processed: Basic Development\ROS Controller Course\6. OpenCV Computer Vision Course\1. Testing and Usage of USB Camera.pdf
2025-07-16 12:11:35,096 - unstructured_inference - INFO - Reading PDF for file: Data\Basic Development\ROS Controller Course\6. OpenCV Computer Vision Course\2. Color Recognition.pdf ...
2025-07-16 12:11:59,873 - PDFExtractor - INFO - Processed: Basic Development\ROS Controller Course\6. OpenCV Computer Vision Course\2. Color Recognition.pdf
2025-07-16 12:12:00,208 - unstructured_inference - INFO - Reading PDF for file: Data\Basic Development\ROS Controller Course\6. OpenCV Computer Vision Course\3. Face Detection.pdf ...
2025-07-16 12:12:25,080 - PDFExtractor - INFO - Processed: Basic Development\ROS Controller Course\6. OpenCV Computer Vision Course\3. Face Detection.pdf
2025-07-16 12:12:25,423 - unstructured_inference - INFO - Reading PDF for file: Data\Basic Development\ROS Controller Course\6. OpenCV Computer Vision Course\4. Tag Recognition.pdf ...
2025-07-16 12:12:51,420 - PDFExtractor - INFO - Processed: Basic Development\ROS Controller Course\6. OpenCV Computer Vision Course\4. Tag Recognition.pdf
2025-07-16 12:12:51,765 - unstructured_inference - INFO - Reading PDF for file: Data\Basic Development\ROS Controller Course\6. OpenCV Computer Vision Course\5. Shape Recognition.pdf ...
2025-07-16 12:13:17,573 - PDFExtractor - INFO - Processed: Basic Development\ROS Controller Course\6. OpenCV Computer Vision Course\5. Shape Recognition.pdf
2025-07-16 12:13:17,742 - unstructured_inference - INFO - Reading PDF for file: Data\Basic Development\ROS Controller Course\7. AI Fundamental Course\1. CSI Camera Introduction and Installation.pdf ...
2025-07-16 12:13:36,938 - PDFExtractor - INFO - Processed: Basic Development\ROS Controller Course\7. AI Fundamental Course\1. CSI Camera Introduction and Installation.pdf
2025-07-16 12:13:37,148 - unstructured_inference - INFO - Reading PDF for file: Data\Basic Development\ROS Controller Course\7. AI Fundamental Course\2. CSI Camera Testing and Use.pdf ...
2025-07-16 12:13:53,670 - PDFExtractor - INFO - Processed: Basic Development\ROS Controller Course\7. AI Fundamental Course\2. CSI Camera Testing and Use.pdf
2025-07-16 12:13:53,869 - unstructured_inference - INFO - Reading PDF for file: Data\Basic Development\ROS Controller Course\7. AI Fundamental Course\3. Madiapipe Introduction and Installation.pdf ...
2025-07-16 12:14:11,154 - PDFExtractor - INFO - Processed: Basic Development\ROS Controller Course\7. AI Fundamental Course\3. Madiapipe Introduction and Installation.pdf
2025-07-16 12:14:11,498 - unstructured_inference - INFO - Reading PDF for file: Data\Basic Development\ROS Controller Course\7. AI Fundamental Course\4. Image Background Segmentation.pdf ...
2025-07-16 12:14:38,169 - PDFExtractor - INFO - Processed: Basic Development\ROS Controller Course\7. AI Fundamental Course\4. Image Background Segmentation.pdf
2025-07-16 12:14:38,540 - unstructured_inference - INFO - Reading PDF for file: Data\Basic Development\ROS Controller Course\7. AI Fundamental Course\5. 3D Object Detection.pdf ...
2025-07-16 12:15:08,234 - PDFExtractor - INFO - Processed: Basic Development\ROS Controller Course\7. AI Fundamental Course\5. 3D Object Detection.pdf
2025-07-16 12:15:08,498 - unstructured_inference - INFO - Reading PDF for file: Data\Basic Development\ROS Controller Course\7. AI Fundamental Course\6. Facial Detection.pdf ...
2025-07-16 12:15:33,926 - PDFExtractor - INFO - Processed: Basic Development\ROS Controller Course\7. AI Fundamental Course\6. Facial Detection.pdf
2025-07-16 12:15:34,234 - unstructured_inference - INFO - Reading PDF for file: Data\Basic Development\ROS Controller Course\7. AI Fundamental Course\7. 3D Facial Detection.pdf ...
2025-07-16 12:16:00,036 - PDFExtractor - INFO - Processed: Basic Development\ROS Controller Course\7. AI Fundamental Course\7. 3D Facial Detection.pdf
2025-07-16 12:16:00,322 - unstructured_inference - INFO - Reading PDF for file: Data\Basic Development\ROS Controller Course\7. AI Fundamental Course\8. Hand Key point Detection.pdf ...
2025-07-16 12:16:28,061 - PDFExtractor - INFO - Processed: Basic Development\ROS Controller Course\7. AI Fundamental Course\8. Hand Key point Detection.pdf
2025-07-16 12:16:28,425 - unstructured_inference - INFO - Reading PDF for file: Data\Basic Development\ROS Controller Course\7. AI Fundamental Course\9. Human Body Key point Detection.pdf ...
2025-07-16 12:16:52,367 - PDFExtractor - INFO - Processed: Basic Development\ROS Controller Course\7. AI Fundamental Course\9. Human Body Key point Detection.pdf
2025-07-16 12:16:52,950 - unstructured_inference - INFO - Reading PDF for file: Data\Basic Development\ROS Controller Course\8. AI Advanced Course\1. Introduction to Deep Learning Frameworks.pdf ...
2025-07-16 12:17:31,290 - PDFExtractor - INFO - Processed: Basic Development\ROS Controller Course\8. AI Advanced Course\1. Introduction to Deep Learning Frameworks.pdf
2025-07-16 12:17:31,778 - unstructured_inference - INFO - Reading PDF for file: Data\Basic Development\ROS Controller Course\8. AI Advanced Course\10. Accelerate Custom YOLOv5 Model with TensorRT.pdf ...
2025-07-16 12:18:20,105 - PDFExtractor - INFO - Processed: Basic Development\ROS Controller Course\8. AI Advanced Course\10. Accelerate Custom YOLOv5 Model with TensorRT.pdf
2025-07-16 12:18:20,710 - unstructured_inference - INFO - Reading PDF for file: Data\Basic Development\ROS Controller Course\8. AI Advanced Course\2. Tensorflow Installation.pdf ...
2025-07-16 12:18:45,173 - PDFExtractor - INFO - Processed: Basic Development\ROS Controller Course\8. AI Advanced Course\2. Tensorflow Installation.pdf
2025-07-16 12:18:45,335 - unstructured_inference - INFO - Reading PDF for file: Data\Basic Development\ROS Controller Course\8. AI Advanced Course\3. Pytorch Installation.pdf ...
2025-07-16 12:19:04,149 - PDFExtractor - INFO - Processed: Basic Development\ROS Controller Course\8. AI Advanced Course\3. Pytorch Installation.pdf
2025-07-16 12:19:04,956 - unstructured_inference - INFO - Reading PDF for file: Data\Basic Development\ROS Controller Course\8. AI Advanced Course\4. YOLOv5 Model Training.pdf ...
2025-07-16 12:20:34,612 - PDFExtractor - INFO - Processed: Basic Development\ROS Controller Course\8. AI Advanced Course\4. YOLOv5 Model Training.pdf
2025-07-16 12:20:34,953 - unstructured_inference - INFO - Reading PDF for file: Data\Basic Development\ROS Controller Course\8. AI Advanced Course\5. YOLOv5 Object Recognition.pdf ...
2025-07-16 12:21:10,696 - PDFExtractor - INFO - Processed: Basic Development\ROS Controller Course\8. AI Advanced Course\5. YOLOv5 Object Recognition.pdf
2025-07-16 12:21:11,178 - unstructured_inference - INFO - Reading PDF for file: Data\Basic Development\ROS Controller Course\8. AI Advanced Course\6. Train YOLOv5 Model-Dateset Collection.pdf ...
2025-07-16 12:22:03,950 - PDFExtractor - INFO - Processed: Basic Development\ROS Controller Course\8. AI Advanced Course\6. Train YOLOv5 Model-Dateset Collection.pdf
2025-07-16 12:22:04,403 - unstructured_inference - INFO - Reading PDF for file: Data\Basic Development\ROS Controller Course\8. AI Advanced Course\7. Train YOLOv5 Model-Training Process.pdf ...
2025-07-16 12:22:15,979 - PDFExtractor - INFO - Processed: Basic Development\ROS Controller Course\8. AI Advanced Course\7. Train YOLOv5 Model-Training Process.pdf
2025-07-16 12:22:16,167 - unstructured_inference - INFO - Reading PDF for file: Data\Basic Development\ROS Controller Course\8. AI Advanced Course\8. Train YOLOv5 Model-Model Testing.pdf ...
2025-07-16 12:22:34,780 - PDFExtractor - INFO - Processed: Basic Development\ROS Controller Course\8. AI Advanced Course\8. Train YOLOv5 Model-Model Testing.pdf
2025-07-16 12:22:35,250 - unstructured_inference - INFO - Reading PDF for file: Data\Basic Development\ROS Controller Course\8. AI Advanced Course\9. TensorRT Introduction.pdf ...
2025-07-16 12:22:50,606 - PDFExtractor - INFO - Processed: Basic Development\ROS Controller Course\8. AI Advanced Course\9. TensorRT Introduction.pdf
2025-07-16 12:22:51,010 - unstructured_inference - INFO - Reading PDF for file: Data\Basic Development\ROS Controller Course\4. Basic Programming Course\Lesson 1 Python Introduction and Installation\Lesson 1 Python Introduction and Installation.pdf ...
2025-07-16 12:23:37,017 - PDFExtractor - INFO - Processed: Basic Development\ROS Controller Course\4. Basic Programming Course\Lesson 1 Python Introduction and Installation\Lesson 1 Python Introduction and Installation.pdf
2025-07-16 12:23:38,126 - unstructured_inference - INFO - Reading PDF for file: Data\Basic Development\ROS Controller Course\4. Basic Programming Course\Lesson 10 Python Built-in Function\Lesson 10 Python Built-in Function.pdf ...
2025-07-16 12:25:04,276 - PDFExtractor - INFO - Processed: Basic Development\ROS Controller Course\4. Basic Programming Course\Lesson 10 Python Built-in Function\Lesson 10 Python Built-in Function.pdf
2025-07-16 12:25:04,694 - unstructured_inference - INFO - Reading PDF for file: Data\Basic Development\ROS Controller Course\4. Basic Programming Course\Lesson 11 Python Multithreading\Lesson 11 Python Multithreading.pdf ...
2025-07-16 12:25:44,204 - PDFExtractor - INFO - Processed: Basic Development\ROS Controller Course\4. Basic Programming Course\Lesson 11 Python Multithreading\Lesson 11 Python Multithreading.pdf
2025-07-16 12:25:44,349 - unstructured_inference - INFO - Reading PDF for file: Data\Basic Development\ROS Controller Course\4. Basic Programming Course\Lesson 12 Usage of Python PiP\Lesson 12 Usage of Python PiP.pdf ...
2025-07-16 12:26:04,144 - PDFExtractor - INFO - Processed: Basic Development\ROS Controller Course\4. Basic Programming Course\Lesson 12 Usage of Python PiP\Lesson 12 Usage of Python PiP.pdf
2025-07-16 12:26:04,500 - unstructured_inference - INFO - Reading PDF for file: Data\Basic Development\ROS Controller Course\4. Basic Programming Course\Lesson 13 Python Numpy Basic Operation\Lesson 13 Python Numpy Basic Operation.pdf ...
2025-07-16 12:26:43,868 - PDFExtractor - INFO - Processed: Basic Development\ROS Controller Course\4. Basic Programming Course\Lesson 13 Python Numpy Basic Operation\Lesson 13 Python Numpy Basic Operation.pdf
2025-07-16 12:26:44,145 - unstructured_inference - INFO - Reading PDF for file: Data\Basic Development\ROS Controller Course\4. Basic Programming Course\Lesson 2 First Program-“Hello World”\Lesson 2 First Program-“Hello World”.pdf ...
2025-07-16 12:27:05,133 - PDFExtractor - INFO - Processed: Basic Development\ROS Controller Course\4. Basic Programming Course\Lesson 2 First Program-“Hello World”\Lesson 2 First Program-“Hello World”.pdf
2025-07-16 12:27:05,859 - unstructured_inference - INFO - Reading PDF for file: Data\Basic Development\ROS Controller Course\4. Basic Programming Course\Lesson 3 Python Basic Syntax\Lesson 3 Python Basic Syntax.pdf ...
2025-07-16 12:27:53,696 - PDFExtractor - INFO - Processed: Basic Development\ROS Controller Course\4. Basic Programming Course\Lesson 3 Python Basic Syntax\Lesson 3 Python Basic Syntax.pdf
2025-07-16 12:27:54,194 - unstructured_inference - INFO - Reading PDF for file: Data\Basic Development\ROS Controller Course\4. Basic Programming Course\Lesson 4 Python Condition Statement\Lesson 4 Python Condition Statement.pdf ...
2025-07-16 12:28:40,222 - PDFExtractor - INFO - Processed: Basic Development\ROS Controller Course\4. Basic Programming Course\Lesson 4 Python Condition Statement\Lesson 4 Python Condition Statement.pdf
2025-07-16 12:28:40,716 - unstructured_inference - INFO - Reading PDF for file: Data\Basic Development\ROS Controller Course\4. Basic Programming Course\Lesson 5 Python Loop Statement\Lesson 5 Python Loop Statement.pdf ...
2025-07-16 12:29:25,845 - PDFExtractor - INFO - Processed: Basic Development\ROS Controller Course\4. Basic Programming Course\Lesson 5 Python Loop Statement\Lesson 5 Python Loop Statement.pdf
2025-07-16 12:29:26,475 - unstructured_inference - INFO - Reading PDF for file: Data\Basic Development\ROS Controller Course\4. Basic Programming Course\Lesson 6 Python Function and Module\Lesson 6 Python Function and Module.pdf ...
2025-07-16 12:30:16,757 - PDFExtractor - INFO - Processed: Basic Development\ROS Controller Course\4. Basic Programming Course\Lesson 6 Python Function and Module\Lesson 6 Python Function and Module.pdf
2025-07-16 12:30:17,142 - unstructured_inference - INFO - Reading PDF for file: Data\Basic Development\ROS Controller Course\4. Basic Programming Course\Lesson 7 Python Container Type and Related Operation\Lesson 7 Python Container Type and Related Operation.pdf ...
2025-07-16 12:30:51,710 - PDFExtractor - INFO - Processed: Basic Development\ROS Controller Course\4. Basic Programming Course\Lesson 7 Python Container Type and Related Operation\Lesson 7 Python Container Type and Related Operation.pdf
2025-07-16 12:30:52,071 - unstructured_inference - INFO - Reading PDF for file: Data\Basic Development\ROS Controller Course\4. Basic Programming Course\Lesson 8 Python Class and File Operation\Lesson 8 Python Class and File Operation.pdf ...
2025-07-16 12:31:19,556 - PDFExtractor - INFO - Processed: Basic Development\ROS Controller Course\4. Basic Programming Course\Lesson 8 Python Class and File Operation\Lesson 8 Python Class and File Operation.pdf
2025-07-16 12:31:19,727 - unstructured_inference - INFO - Reading PDF for file: Data\Basic Development\ROS Controller Course\4. Basic Programming Course\Lesson 9 Python Exception Handling\Lesson 9 Python Exception Handling.pdf ...
2025-07-16 12:31:30,185 - PDFExtractor - INFO - Processed: Basic Development\ROS Controller Course\4. Basic Programming Course\Lesson 9 Python Exception Handling\Lesson 9 Python Exception Handling.pdf
2025-07-16 12:31:30,287 - unstructured_inference - INFO - Reading PDF for file: Data\Basic Development\ROS Controller Course\5. Hardware Control Course\Lesson 1 Jetson.GPIO Library Introduction and Impor\Lesson 1 Jetson.GPIO Library Introduction and Impor.pdf ...
2025-07-16 12:31:39,410 - PDFExtractor - INFO - Processed: Basic Development\ROS Controller Course\5. Hardware Control Course\Lesson 1 Jetson.GPIO Library Introduction and Impor\Lesson 1 Jetson.GPIO Library Introduction and Impor.pdf
2025-07-16 12:31:39,609 - unstructured_inference - INFO - Reading PDF for file: Data\Basic Development\ROS Controller Course\5. Hardware Control Course\Lesson 2 Read GPIO Pin Input\Lesson 2 Read GPIO Pin Input.pdf ...
2025-07-16 12:32:02,054 - PDFExtractor - INFO - Processed: Basic Development\ROS Controller Course\5. Hardware Control Course\Lesson 2 Read GPIO Pin Input\Lesson 2 Read GPIO Pin Input.pdf
2025-07-16 12:32:02,414 - unstructured_inference - INFO - Reading PDF for file: Data\Basic Development\ROS Controller Course\5. Hardware Control Course\Lesson 3 GPIO PIN Output Configuration\Lesson 3 GPIO PIN Output Configuration.pdf ...
2025-07-16 12:32:50,016 - PDFExtractor - INFO - Processed: Basic Development\ROS Controller Course\5. Hardware Control Course\Lesson 3 GPIO PIN Output Configuration\Lesson 3 GPIO PIN Output Configuration.pdf
2025-07-16 12:32:51,082 - unstructured_inference - INFO - Reading PDF for file: Data\Basic Development\ROS Controller Course\5. Hardware Control Course\Lesson 4 UART Communication Configuration and Programming\Lesson 4 UART Communication Configuration and Programming.pdf ...
2025-07-16 12:34:07,620 - PDFExtractor - INFO - Processed: Basic Development\ROS Controller Course\5. Hardware Control Course\Lesson 4 UART Communication Configuration and Programming\Lesson 4 UART Communication Configuration and Programming.pdf
2025-07-16 12:34:08,422 - unstructured_inference - INFO - Reading PDF for file: Data\Basic Development\ROS Controller Course\5. Hardware Control Course\Lesson 5 IIC Communication\Lesson 5 IIC Communication.pdf ...
2025-07-16 12:35:03,005 - PDFExtractor - INFO - Processed: Basic Development\ROS Controller Course\5. Hardware Control Course\Lesson 5 IIC Communication\Lesson 5 IIC Communication.pdf
2025-07-16 12:35:03,557 - unstructured_inference - INFO - Reading PDF for file: Data\ROS 2 Courses\1 ROS2 Basic Course\Lesson 1 Introduction to ROS2 and Comparison with ROS1.pdf ...
2025-07-16 12:35:22,539 - PDFExtractor - INFO - Processed: ROS 2 Courses\1 ROS2 Basic Course\Lesson 1 Introduction to ROS2 and Comparison with ROS1.pdf
2025-07-16 12:35:23,417 - unstructured_inference - INFO - Reading PDF for file: Data\ROS 2 Courses\1 ROS2 Basic Course\Lesson 10 ROS2 Action.pdf ...
2025-07-16 12:37:13,779 - PDFExtractor - INFO - Processed: ROS 2 Courses\1 ROS2 Basic Course\Lesson 10 ROS2 Action.pdf
2025-07-16 12:37:13,965 - unstructured_inference - INFO - Reading PDF for file: Data\ROS 2 Courses\1 ROS2 Basic Course\Lesson 11 ROS2 Communication Interface.pdf ...
2025-07-16 12:37:30,240 - PDFExtractor - INFO - Processed: ROS 2 Courses\1 ROS2 Basic Course\Lesson 11 ROS2 Communication Interface.pdf
2025-07-16 12:37:30,768 - unstructured_inference - INFO - Reading PDF for file: Data\ROS 2 Courses\1 ROS2 Basic Course\Lesson 12 ROS2 Parameter Instruction.pdf ...
2025-07-16 12:38:17,237 - PDFExtractor - INFO - Processed: ROS 2 Courses\1 ROS2 Basic Course\Lesson 12 ROS2 Parameter Instruction.pdf
2025-07-16 12:38:17,503 - unstructured_inference - INFO - Reading PDF for file: Data\ROS 2 Courses\1 ROS2 Basic Course\Lesson 13 Distributed Communication Instruction.pdf ...
2025-07-16 12:38:38,139 - PDFExtractor - INFO - Processed: ROS 2 Courses\1 ROS2 Basic Course\Lesson 13 Distributed Communication Instruction.pdf
2025-07-16 12:38:39,249 - unstructured_inference - INFO - Reading PDF for file: Data\ROS 2 Courses\1 ROS2 Basic Course\Lesson 14 ROS2 DDS Instruction.pdf ...
2025-07-16 12:40:26,267 - PDFExtractor - INFO - Processed: ROS 2 Courses\1 ROS2 Basic Course\Lesson 14 ROS2 DDS Instruction.pdf
2025-07-16 12:40:27,949 - unstructured_inference - INFO - Reading PDF for file: Data\ROS 2 Courses\1 ROS2 Basic Course\Lesson 15 ROS2 Launch Multiple Node Startup and Co.pdf ...
2025-07-16 12:43:04,639 - PDFExtractor - INFO - Processed: ROS 2 Courses\1 ROS2 Basic Course\Lesson 15 ROS2 Launch Multiple Node Startup and Co.pdf
2025-07-16 12:43:06,811 - unstructured_inference - INFO - Reading PDF for file: Data\ROS 2 Courses\1 ROS2 Basic Course\Lesson 16 ROS2 TF2 Robot Coordinate System Manager.pdf ...
2025-07-16 12:46:38,393 - PDFExtractor - INFO - Processed: ROS 2 Courses\1 ROS2 Basic Course\Lesson 16 ROS2 TF2 Robot Coordinate System Manager.pdf
2025-07-16 12:46:39,238 - unstructured_inference - INFO - Reading PDF for file: Data\ROS 2 Courses\1 ROS2 Basic Course\Lesson 17 ROS2 URDF Robot Modeling Method.pdf ...
2025-07-16 12:47:50,051 - PDFExtractor - INFO - Processed: ROS 2 Courses\1 ROS2 Basic Course\Lesson 17 ROS2 URDF Robot Modeling Method.pdf
2025-07-16 12:47:50,184 - unstructured_inference - INFO - Reading PDF for file: Data\ROS 2 Courses\1 ROS2 Basic Course\Lesson 18 ROS2 Gazebo 3D Physics Simulation Platfo.pdf ...
2025-07-16 12:48:04,277 - PDFExtractor - INFO - Processed: ROS 2 Courses\1 ROS2 Basic Course\Lesson 18 ROS2 Gazebo 3D Physics Simulation Platfo.pdf
2025-07-16 12:48:04,954 - unstructured_inference - INFO - Reading PDF for file: Data\ROS 2 Courses\1 ROS2 Basic Course\Lesson 19 ROS2 Rviz Tool Usage.pdf ...
2025-07-16 12:49:36,288 - PDFExtractor - INFO - Processed: ROS 2 Courses\1 ROS2 Basic Course\Lesson 19 ROS2 Rviz Tool Usage.pdf
2025-07-16 12:49:36,485 - unstructured_inference - INFO - Reading PDF for file: Data\ROS 2 Courses\1 ROS2 Basic Course\Lesson 2 ROS2 Installation.pdf ...
2025-07-16 12:49:59,517 - PDFExtractor - INFO - Processed: ROS 2 Courses\1 ROS2 Basic Course\Lesson 2 ROS2 Installation.pdf
2025-07-16 12:49:59,754 - unstructured_inference - INFO - Reading PDF for file: Data\ROS 2 Courses\1 ROS2 Basic Course\Lesson 20 ROS2 RQT TooL Usage Instruction.pdf ...
2025-07-16 12:50:51,113 - PDFExtractor - INFO - Processed: ROS 2 Courses\1 ROS2 Basic Course\Lesson 20 ROS2 RQT TooL Usage Instruction.pdf
2025-07-16 12:50:51,777 - unstructured_inference - INFO - Reading PDF for file: Data\ROS 2 Courses\1 ROS2 Basic Course\Lesson 3 ROS2 Command Lines Operation.pdf ...
2025-07-16 12:51:28,068 - PDFExtractor - INFO - Processed: ROS 2 Courses\1 ROS2 Basic Course\Lesson 3 ROS2 Command Lines Operation.pdf
2025-07-16 12:51:28,484 - unstructured_inference - INFO - Reading PDF for file: Data\ROS 2 Courses\1 ROS2 Basic Course\Lesson 4 ROS2 Development Environment Configuratio.pdf ...
2025-07-16 12:52:18,871 - PDFExtractor - INFO - Processed: ROS 2 Courses\1 ROS2 Basic Course\Lesson 4 ROS2 Development Environment Configuratio.pdf
2025-07-16 12:52:19,426 - unstructured_inference - INFO - Reading PDF for file: Data\ROS 2 Courses\1 ROS2 Basic Course\Lesson 5 ROS2 Workspace.pdf ...
2025-07-16 12:52:42,602 - PDFExtractor - INFO - Processed: ROS 2 Courses\1 ROS2 Basic Course\Lesson 5 ROS2 Workspace.pdf
2025-07-16 12:52:42,857 - unstructured_inference - INFO - Reading PDF for file: Data\ROS 2 Courses\1 ROS2 Basic Course\Lesson 6 ROS2 Package.pdf ...
2025-07-16 12:52:58,663 - PDFExtractor - INFO - Processed: ROS 2 Courses\1 ROS2 Basic Course\Lesson 6 ROS2 Package.pdf
2025-07-16 12:52:58,978 - unstructured_inference - INFO - Reading PDF for file: Data\ROS 2 Courses\1 ROS2 Basic Course\Lesson 7 ROS2 Node.pdf ...
2025-07-16 12:53:31,986 - PDFExtractor - INFO - Processed: ROS 2 Courses\1 ROS2 Basic Course\Lesson 7 ROS2 Node.pdf
2025-07-16 12:53:32,775 - unstructured_inference - INFO - Reading PDF for file: Data\ROS 2 Courses\1 ROS2 Basic Course\Lesson 8 ROS2 Topic.pdf ...
2025-07-16 12:55:10,443 - PDFExtractor - INFO - Processed: ROS 2 Courses\1 ROS2 Basic Course\Lesson 8 ROS2 Topic.pdf
2025-07-16 12:55:11,206 - unstructured_inference - INFO - Reading PDF for file: Data\ROS 2 Courses\1 ROS2 Basic Course\Lesson 9 ROS2 Service Instruction.pdf ...
2025-07-16 12:56:49,276 - PDFExtractor - INFO - Processed: ROS 2 Courses\1 ROS2 Basic Course\Lesson 9 ROS2 Service Instruction.pdf
2025-07-16 12:56:50,253 - unstructured_inference - INFO - Reading PDF for file: Data\ROS 2 Courses\2 Motion Control Course\1. Kinematics Analysis.pdf ...
2025-07-16 12:57:41,832 - PDFExtractor - INFO - Processed: ROS 2 Courses\2 Motion Control Course\1. Kinematics Analysis.pdf
2025-07-16 12:57:44,019 - unstructured_inference - INFO - Reading PDF for file: Data\ROS 2 Courses\2 Motion Control Course\2. Motion Control.pdf ...
2025-07-16 13:01:06,663 - PDFExtractor - INFO - Processed: ROS 2 Courses\2 Motion Control Course\2. Motion Control.pdf
2025-07-16 13:01:07,400 - unstructured_inference - INFO - Reading PDF for file: Data\ROS 2 Courses\3 Lidar Course\Lidar Course.pdf ...
2025-07-16 13:02:21,893 - PDFExtractor - INFO - Processed: ROS 2 Courses\3 Lidar Course\Lidar Course.pdf
2025-07-16 13:02:23,361 - unstructured_inference - INFO - Reading PDF for file: Data\ROS 2 Courses\4 Depth Camera Basic Course\Depth Camera Basic Course.pdf ...
2025-07-16 13:06:03,339 - PDFExtractor - INFO - Processed: ROS 2 Courses\4 Depth Camera Basic Course\Depth Camera Basic Course.pdf
2025-07-16 13:06:06,572 - unstructured_inference - INFO - Reading PDF for file: Data\ROS 2 Courses\5 Mapping & Navigation Course\Mapping.pdf ...
2025-07-16 13:10:03,370 - PDFExtractor - INFO - Processed: ROS 2 Courses\5 Mapping & Navigation Course\Mapping.pdf
2025-07-16 13:10:06,411 - unstructured_inference - INFO - Reading PDF for file: Data\ROS 2 Courses\5 Mapping & Navigation Course\Navigation.pdf ...
2025-07-16 13:14:11,042 - PDFExtractor - INFO - Processed: ROS 2 Courses\5 Mapping & Navigation Course\Navigation.pdf
2025-07-16 13:14:13,764 - unstructured_inference - INFO - Reading PDF for file: Data\ROS 2 Courses\6 ROS+OpenCV Course\ROS+OpenCV Course.pdf ...
2025-07-16 13:18:07,315 - PDFExtractor - INFO - Processed: ROS 2 Courses\6 ROS+OpenCV Course\ROS+OpenCV Course.pdf
2025-07-16 13:18:08,146 - unstructured_inference - INFO - Reading PDF for file: Data\ROS 2 Courses\7 ROS+Machine Learning Course\1. Machine Learning Fundamentals.pdf ...
2025-07-16 13:19:05,960 - PDFExtractor - INFO - Processed: ROS 2 Courses\7 ROS+Machine Learning Course\1. Machine Learning Fundamentals.pdf
2025-07-16 13:19:12,353 - unstructured_inference - INFO - Reading PDF for file: Data\ROS 2 Courses\7 ROS+Machine Learning Course\2. Machine Learning Application.pdf ...
2025-07-16 13:29:20,700 - PDFExtractor - INFO - Processed: ROS 2 Courses\7 ROS+Machine Learning Course\2. Machine Learning Application.pdf
2025-07-16 13:29:25,726 - unstructured_inference - INFO - Reading PDF for file: Data\ROS 2 Courses\7 ROS+Machine Learning Course\3. MediaPipe Man-Robot Interaction.pdf ...
2025-07-16 13:38:04,699 - PDFExtractor - INFO - Processed: ROS 2 Courses\7 ROS+Machine Learning Course\3. MediaPipe Man-Robot Interaction.pdf
2025-07-16 13:38:07,896 - unstructured_inference - INFO - Reading PDF for file: Data\ROS 2 Courses\8 Robot Arm Control Course\Vision Application.pdf ...
2025-07-16 13:43:31,104 - PDFExtractor - INFO - Processed: ROS 2 Courses\8 Robot Arm Control Course\Vision Application.pdf
2025-07-16 13:43:31,150 - PDFExtractor - ERROR - OCR processing failed: Unable to get page count.
I/O Error: Couldn't open file 'Data/ROS 2 Courses/10 MoveIt & Gazebo Simulation/1 Virtual Machine Installation and Configuration/1. Virtual Machine Installation and Configuration.pdf': No error.

2025-07-16 13:43:31,152 - PDFExtractor - INFO - Processed: ROS 2 Courses\10 MoveIt & Gazebo Simulation\1 Virtual Machine Installation and Configuration\1. Virtual Machine Installation and Configuration.pdf
2025-07-16 13:43:31,176 - PDFExtractor - ERROR - OCR processing failed: Unable to get page count.
I/O Error: Couldn't open file 'Data/ROS 2 Courses/10 MoveIt & Gazebo Simulation/2 Introduction to URDF Models/Introduction to URDF Models.pdf': No error.

2025-07-16 13:43:31,176 - PDFExtractor - INFO - Processed: ROS 2 Courses\10 MoveIt & Gazebo Simulation\2 Introduction to URDF Models\Introduction to URDF Models.pdf
2025-07-16 13:43:31,221 - PDFExtractor - ERROR - OCR processing failed: Unable to get page count.
I/O Error: Couldn't open file 'Data/ROS 2 Courses/10 MoveIt & Gazebo Simulation/3 MoveIt2 Simulation/Moveit2 Simulation.pdf': No error.

2025-07-16 13:43:31,221 - PDFExtractor - INFO - Processed: ROS 2 Courses\10 MoveIt & Gazebo Simulation\3 MoveIt2 Simulation\Moveit2 Simulation.pdf
2025-07-16 13:43:31,246 - PDFExtractor - ERROR - OCR processing failed: Unable to get page count.
I/O Error: Couldn't open file 'Data/ROS 2 Courses/10 MoveIt & Gazebo Simulation/4 Gazebo Simulation/Gazebo Simulation.pdf': No error.

2025-07-16 13:43:31,246 - PDFExtractor - INFO - Processed: ROS 2 Courses\10 MoveIt & Gazebo Simulation\4 Gazebo Simulation\Gazebo Simulation.pdf
2025-07-16 13:43:31,972 - unstructured_inference - INFO - Reading PDF for file: Data\ROS 2 Courses\11 Large AI Model Courses\02 Deployments of Multimodal Large Model\1 Voice Control with Multimodal Large Model.pdf ...
2025-07-16 13:44:36,157 - PDFExtractor - INFO - Processed: ROS 2 Courses\11 Large AI Model Courses\02 Deployments of Multimodal Large Model\1 Voice Control with Multimodal Large Model.pdf
2025-07-16 13:44:36,860 - unstructured_inference - INFO - Reading PDF for file: Data\ROS 2 Courses\11 Large AI Model Courses\02 Deployments of Multimodal Large Model\2 Autonomous Line Following with Multimodal Large Model.pdf ...
2025-07-16 13:45:51,015 - PDFExtractor - INFO - Processed: ROS 2 Courses\11 Large AI Model Courses\02 Deployments of Multimodal Large Model\2 Autonomous Line Following with Multimodal Large Model.pdf
2025-07-16 13:45:51,919 - unstructured_inference - INFO - Reading PDF for file: Data\ROS 2 Courses\11 Large AI Model Courses\02 Deployments of Multimodal Large Model\3 Color Tracking with Multimodal Large Model.pdf ...
2025-07-16 13:47:14,866 - PDFExtractor - INFO - Processed: ROS 2 Courses\11 Large AI Model Courses\02 Deployments of Multimodal Large Model\3 Color Tracking with Multimodal Large Model.pdf
2025-07-16 13:47:15,093 - unstructured_inference - INFO - Reading PDF for file: Data\ROS 2 Courses\11 Large AI Model Courses\03 Embodied AI Applications\1 Overview of Embodied Intelligence.pdf ...
2025-07-16 13:47:32,675 - PDFExtractor - INFO - Processed: ROS 2 Courses\11 Large AI Model Courses\03 Embodied AI Applications\1 Overview of Embodied Intelligence.pdf
2025-07-16 13:47:33,259 - unstructured_inference - INFO - Reading PDF for file: Data\ROS 2 Courses\11 Large AI Model Courses\03 Embodied AI Applications\2 Real-Time Detection in Embodied AI Applications.pdf ...
2025-07-16 13:49:06,648 - PDFExtractor - INFO - Processed: ROS 2 Courses\11 Large AI Model Courses\03 Embodied AI Applications\2 Real-Time Detection in Embodied AI Applications.pdf
2025-07-16 13:49:07,834 - unstructured_inference - INFO - Reading PDF for file: Data\ROS 2 Courses\11 Large AI Model Courses\03 Embodied AI Applications\3 Vision Tracking in Embodied AI Applications.pdf ...
2025-07-16 13:51:00,087 - PDFExtractor - INFO - Processed: ROS 2 Courses\11 Large AI Model Courses\03 Embodied AI Applications\3 Vision Tracking in Embodied AI Applications.pdf
2025-07-16 13:51:01,258 - unstructured_inference - INFO - Reading PDF for file: Data\ROS 2 Courses\11 Large AI Model Courses\03 Embodied AI Applications\4 Smart Home Assistant in Embodied AI Applications.pdf ...
2025-07-16 13:54:05,941 - PDFExtractor - INFO - Processed: ROS 2 Courses\11 Large AI Model Courses\03 Embodied AI Applications\4 Smart Home Assistant in Embodied AI Applications.pdf
2025-07-16 13:54:07,084 - unstructured_inference - INFO - Reading PDF for file: Data\ROS 2 Courses\11 Large AI Model Courses\03 Embodied AI Applications\5 Intelligent Transport in Embodied AI Applications.pdf ...
2025-07-16 13:56:43,459 - PDFExtractor - INFO - Processed: ROS 2 Courses\11 Large AI Model Courses\03 Embodied AI Applications\5 Intelligent Transport in Embodied AI Applications.pdf
2025-07-16 13:56:43,491 - PDFExtractor - ERROR - OCR processing failed: Unable to get page count.
I/O Error: Couldn't open file 'Data/ROS 2 Courses/11 Large AI Model Courses/01 Large Models Basic Courses/1.1 Large Language Model Courses/1.1.1 Overview of Large Language Model.pdf': No error.

2025-07-16 13:56:43,496 - PDFExtractor - INFO - Processed: ROS 2 Courses\11 Large AI Model Courses\01 Large Models Basic Courses\1.1 Large Language Model Courses\1.1.1 Overview of Large Language Model.pdf
2025-07-16 13:56:43,519 - PDFExtractor - ERROR - OCR processing failed: Unable to get page count.
I/O Error: Couldn't open file 'Data/ROS 2 Courses/11 Large AI Model Courses/01 Large Models Basic Courses/1.1 Large Language Model Courses/1.1.2 Large Language Model Deployment.pdf': No error.

2025-07-16 13:56:43,520 - PDFExtractor - INFO - Processed: ROS 2 Courses\11 Large AI Model Courses\01 Large Models Basic Courses\1.1 Large Language Model Courses\1.1.2 Large Language Model Deployment.pdf
2025-07-16 13:56:43,544 - PDFExtractor - ERROR - OCR processing failed: Unable to get page count.
I/O Error: Couldn't open file 'Data/ROS 2 Courses/11 Large AI Model Courses/01 Large Models Basic Courses/1.1 Large Language Model Courses/1.1.3 Large Language Model Accessing.pdf': No error.

2025-07-16 13:56:43,544 - PDFExtractor - INFO - Processed: ROS 2 Courses\11 Large AI Model Courses\01 Large Models Basic Courses\1.1 Large Language Model Courses\1.1.3 Large Language Model Accessing.pdf
2025-07-16 13:56:43,563 - PDFExtractor - ERROR - OCR processing failed: Unable to get page count.
I/O Error: Couldn't open file 'Data/ROS 2 Courses/11 Large AI Model Courses/01 Large Models Basic Courses/1.1 Large Language Model Courses/1.1.4 Semantic Understanding with Large Language Models.pdf': No error.

2025-07-16 13:56:43,563 - PDFExtractor - INFO - Processed: ROS 2 Courses\11 Large AI Model Courses\01 Large Models Basic Courses\1.1 Large Language Model Courses\1.1.4 Semantic Understanding with Large Language Models.pdf
2025-07-16 13:56:43,590 - PDFExtractor - ERROR - OCR processing failed: Unable to get page count.
I/O Error: Couldn't open file 'Data/ROS 2 Courses/11 Large AI Model Courses/01 Large Models Basic Courses/1.1 Large Language Model Courses/1.1.5 Emotional Perception with Large Language Model.pdf': No error.

2025-07-16 13:56:43,591 - PDFExtractor - INFO - Processed: ROS 2 Courses\11 Large AI Model Courses\01 Large Models Basic Courses\1.1 Large Language Model Courses\1.1.5 Emotional Perception with Large Language Model.pdf
2025-07-16 13:56:43,608 - PDFExtractor - ERROR - OCR processing failed: Unable to get page count.
I/O Error: Couldn't open file 'Data/ROS 2 Courses/11 Large AI Model Courses/01 Large Models Basic Courses/1.2 Large Speech Model Courses/1.2.1 Overview of Large Speech Model.pdf': No error.

2025-07-16 13:56:43,608 - PDFExtractor - INFO - Processed: ROS 2 Courses\11 Large AI Model Courses\01 Large Models Basic Courses\1.2 Large Speech Model Courses\1.2.1 Overview of Large Speech Model.pdf
2025-07-16 13:56:43,639 - PDFExtractor - ERROR - OCR processing failed: Unable to get page count.
I/O Error: Couldn't open file 'Data/ROS 2 Courses/11 Large AI Model Courses/01 Large Models Basic Courses/1.2 Large Speech Model Courses/1.2.2 Voice Device Introduction and Testing.pdf': No error.

2025-07-16 13:56:43,641 - PDFExtractor - INFO - Processed: ROS 2 Courses\11 Large AI Model Courses\01 Large Models Basic Courses\1.2 Large Speech Model Courses\1.2.2 Voice Device Introduction and Testing.pdf
2025-07-16 13:56:43,664 - PDFExtractor - ERROR - OCR processing failed: Unable to get page count.
I/O Error: Couldn't open file 'Data/ROS 2 Courses/11 Large AI Model Courses/01 Large Models Basic Courses/1.2 Large Speech Model Courses/1.2.3 Voice Wake-Up.pdf': No error.

2025-07-16 13:56:43,664 - PDFExtractor - INFO - Processed: ROS 2 Courses\11 Large AI Model Courses\01 Large Models Basic Courses\1.2 Large Speech Model Courses\1.2.3 Voice Wake-Up.pdf
2025-07-16 13:56:43,680 - PDFExtractor - ERROR - OCR processing failed: Unable to get page count.
I/O Error: Couldn't open file 'Data/ROS 2 Courses/11 Large AI Model Courses/01 Large Models Basic Courses/1.2 Large Speech Model Courses/1.2.4 Speech Recognition.pdf': No error.

2025-07-16 13:56:43,680 - PDFExtractor - INFO - Processed: ROS 2 Courses\11 Large AI Model Courses\01 Large Models Basic Courses\1.2 Large Speech Model Courses\1.2.4 Speech Recognition.pdf
2025-07-16 13:56:43,711 - PDFExtractor - ERROR - OCR processing failed: Unable to get page count.
I/O Error: Couldn't open file 'Data/ROS 2 Courses/11 Large AI Model Courses/01 Large Models Basic Courses/1.2 Large Speech Model Courses/1.2.5 Speech Synthesis.pdf': No error.

2025-07-16 13:56:43,712 - PDFExtractor - INFO - Processed: ROS 2 Courses\11 Large AI Model Courses\01 Large Models Basic Courses\1.2 Large Speech Model Courses\1.2.5 Speech Synthesis.pdf
2025-07-16 13:56:43,729 - PDFExtractor - ERROR - OCR processing failed: Unable to get page count.
I/O Error: Couldn't open file 'Data/ROS 2 Courses/11 Large AI Model Courses/01 Large Models Basic Courses/1.2 Large Speech Model Courses/1.2.6 Voice Interaction.pdf': No error.

2025-07-16 13:56:43,735 - PDFExtractor - INFO - Processed: ROS 2 Courses\11 Large AI Model Courses\01 Large Models Basic Courses\1.2 Large Speech Model Courses\1.2.6 Voice Interaction.pdf
2025-07-16 13:56:43,758 - PDFExtractor - ERROR - OCR processing failed: Unable to get page count.
I/O Error: Couldn't open file 'Data/ROS 2 Courses/11 Large AI Model Courses/01 Large Models Basic Courses/1.3 Vision Language Model Courses/1.3.1 Overview of Vision Language Model.pdf': No error.

2025-07-16 13:56:43,758 - PDFExtractor - INFO - Processed: ROS 2 Courses\11 Large AI Model Courses\01 Large Models Basic Courses\1.3 Vision Language Model Courses\1.3.1 Overview of Vision Language Model.pdf
2025-07-16 13:56:43,779 - PDFExtractor - ERROR - OCR processing failed: Unable to get page count.
I/O Error: Couldn't open file 'Data/ROS 2 Courses/11 Large AI Model Courses/01 Large Models Basic Courses/1.3 Vision Language Model Courses/1.3.2 Vision Language Model Accessing.pdf': No error.

2025-07-16 13:56:43,781 - PDFExtractor - INFO - Processed: ROS 2 Courses\11 Large AI Model Courses\01 Large Models Basic Courses\1.3 Vision Language Model Courses\1.3.2 Vision Language Model Accessing.pdf
2025-07-16 13:56:43,795 - PDFExtractor - ERROR - OCR processing failed: Unable to get page count.
I/O Error: Couldn't open file 'Data/ROS 2 Courses/11 Large AI Model Courses/01 Large Models Basic Courses/1.3 Vision Language Model Courses/1.3.3 Vision Language Model Application Object Detection.pdf': No error.

2025-07-16 13:56:43,806 - PDFExtractor - INFO - Processed: ROS 2 Courses\11 Large AI Model Courses\01 Large Models Basic Courses\1.3 Vision Language Model Courses\1.3.3 Vision Language Model Application Object Detection.pdf
2025-07-16 13:56:43,829 - PDFExtractor - ERROR - OCR processing failed: Unable to get page count.
I/O Error: Couldn't open file 'Data/ROS 2 Courses/11 Large AI Model Courses/01 Large Models Basic Courses/1.3 Vision Language Model Courses/1.3.4 Vision Language Model Application Scene Understanding.pdf': No error.

2025-07-16 13:56:43,829 - PDFExtractor - INFO - Processed: ROS 2 Courses\11 Large AI Model Courses\01 Large Models Basic Courses\1.3 Vision Language Model Courses\1.3.4 Vision Language Model Application Scene Understanding.pdf
2025-07-16 13:56:43,846 - PDFExtractor - ERROR - OCR processing failed: Unable to get page count.
I/O Error: Couldn't open file 'Data/ROS 2 Courses/11 Large AI Model Courses/01 Large Models Basic Courses/1.3 Vision Language Model Courses/1.3.5 Vision Language Model Application Optical Character Recognition.pdf': No error.

2025-07-16 13:56:43,846 - PDFExtractor - INFO - Processed: ROS 2 Courses\11 Large AI Model Courses\01 Large Models Basic Courses\1.3 Vision Language Model Courses\1.3.5 Vision Language Model Application Optical Character Recognition.pdf
2025-07-16 13:56:43,876 - PDFExtractor - ERROR - OCR processing failed: Unable to get page count.
I/O Error: Couldn't open file 'Data/ROS 2 Courses/11 Large AI Model Courses/01 Large Models Basic Courses/1.4 Multimodal Large Model Basic Courses/1.4.1 Overview of Multimodal Large Model.pdf': No error.

2025-07-16 13:56:43,877 - PDFExtractor - INFO - Processed: ROS 2 Courses\11 Large AI Model Courses\01 Large Models Basic Courses\1.4 Multimodal Large Model Basic Courses\1.4.1 Overview of Multimodal Large Model.pdf
2025-07-16 13:56:43,896 - PDFExtractor - ERROR - OCR processing failed: Unable to get page count.
I/O Error: Couldn't open file 'Data/ROS 2 Courses/11 Large AI Model Courses/01 Large Models Basic Courses/1.4 Multimodal Large Model Basic Courses/1.4.2 Agent Behavior Orchestration.pdf': No error.

2025-07-16 13:56:43,901 - PDFExtractor - INFO - Processed: ROS 2 Courses\11 Large AI Model Courses\01 Large Models Basic Courses\1.4 Multimodal Large Model Basic Courses\1.4.2 Agent Behavior Orchestration.pdf
2025-07-16 13:56:44,739 - unstructured_inference - INFO - Reading PDF for file: Data\ROS 2 Courses\7 ROS+Machine Learning Course\4. Autonomous Driving\0. Autonomous Driving Debugging Lesson-v1.0.pdf ...
2025-07-16 13:58:22,961 - PDFExtractor - INFO - Processed: ROS 2 Courses\7 ROS+Machine Learning Course\4. Autonomous Driving\0. Autonomous Driving Debugging Lesson-v1.0.pdf
2025-07-16 13:58:24,997 - unstructured_inference - INFO - Reading PDF for file: Data\ROS 2 Courses\7 ROS+Machine Learning Course\4. Autonomous Driving\1. Autonomous Driving.pdf ...
2025-07-16 14:02:05,269 - PDFExtractor - INFO - Processed: ROS 2 Courses\7 ROS+Machine Learning Course\4. Autonomous Driving\1. Autonomous Driving.pdf
2025-07-16 14:02:05,297 - PDFExtractor - ERROR - OCR processing failed: Unable to get page count.
I/O Error: Couldn't open file 'Data/ROS 2 Courses/8 Robot Arm Control Course/Basic Control/1. Robotic Arm Basic Control.pdf': No error.

2025-07-16 14:02:05,611 - PDFExtractor - INFO - Processed: ROS 2 Courses\8 Robot Arm Control Course\Basic Control\1. Robotic Arm Basic Control.pdf
2025-07-16 14:02:05,634 - PDFExtractor - ERROR - OCR processing failed: Unable to get page count.
I/O Error: Couldn't open file 'Data/ROS 2 Courses/8 Robot Arm Control Course/Basic Control/2. Robot Arm Deviation Adjustment (Optional).pdf': No error.

2025-07-16 14:02:05,634 - PDFExtractor - INFO - Processed: ROS 2 Courses\8 Robot Arm Control Course\Basic Control\2. Robot Arm Deviation Adjustment (Optional).pdf
2025-07-16 14:02:05,660 - PDFExtractor - ERROR - OCR processing failed: Unable to get page count.
I/O Error: Couldn't open file 'Data/ROS 2 Courses/9 Voice Control Course/Voice Control Basic Lesson/Voice Control Basic Lesson (Ring Microphone Array).pdf': No error.

2025-07-16 14:02:05,661 - PDFExtractor - INFO - Processed: ROS 2 Courses\9 Voice Control Course\Voice Control Basic Lesson\Voice Control Basic Lesson (Ring Microphone Array).pdf
2025-07-16 14:02:05,683 - PDFExtractor - ERROR - OCR processing failed: Unable to get page count.
I/O Error: Couldn't open file 'Data/ROS 2 Courses/9 Voice Control Course/Voice Interaction Applications/1 Six-Microphone Circular Array Installation.pdf': No error.

2025-07-16 14:02:05,683 - PDFExtractor - INFO - Processed: ROS 2 Courses\9 Voice Control Course\Voice Interaction Applications\1 Six-Microphone Circular Array Installation.pdf
2025-07-16 14:02:05,706 - PDFExtractor - ERROR - OCR processing failed: Unable to get page count.
I/O Error: Couldn't open file 'Data/ROS 2 Courses/9 Voice Control Course/Voice Interaction Applications/2 Voice Interaction Application.pdf': No error.

2025-07-16 14:02:05,707 - PDFExtractor - INFO - Processed: ROS 2 Courses\9 Voice Control Course\Voice Interaction Applications\2 Voice Interaction Application.pdf
2025-07-16 14:02:05,727 - PDFExtractor - ERROR - OCR processing failed: Unable to get page count.
I/O Error: Couldn't open file 'Data/ROS 2 Courses/9 Voice Control Course/Voice Interaction Applications/Switching Wake Words Between Chinese and English.pdf': No error.

2025-07-16 14:02:05,729 - PDFExtractor - INFO - Processed: ROS 2 Courses\9 Voice Control Course\Voice Interaction Applications\Switching Wake Words Between Chinese and English.pdf
2025-07-16 14:03:32,135 - faiss.loader - INFO - Loading faiss with AVX2 support.
2025-07-16 14:03:32,465 - faiss.loader - INFO - Successfully loaded faiss with AVX2 support.
2025-07-16 14:03:32,465 - faiss - INFO - Failed to load GPU Faiss: name 'GpuIndexIVFFlat' is not defined. Will not load constructor refs for GPU indexes. This is only an error if you're trying to use GPU Faiss.
2025-07-16 14:22:26,165 - PDFExtractor - INFO - Initialized Tesseract v5.5.0.20241111 at C:\Program Files\Tesseract-OCR\tesseract.exe
2025-07-16 14:22:26,165 - PDFExtractor - INFO - Using Poppler from C:\Program Files\poppler\Library\bin
2025-07-16 14:22:26,167 - PDFExtractor - INFO - Found 18 PDFs to process
2025-07-16 14:22:36,349 - pikepdf._core - INFO - pikepdf C++ to Python logger bridge initialized
2025-07-16 14:22:38,189 - unstructured_inference - INFO - Reading PDF for file: Data\ROS 2 Courses\11 Large AI Model Courses\01 Large Models Basic Courses\1.1 Large Language Model Courses\1.1.1 Overview of Large Language Model.pdf ...
2025-07-16 14:23:01,665 - PDFExtractor - INFO - Processed: ROS 2 Courses\11 Large AI Model Courses\01 Large Models Basic Courses\1.1 Large Language Model Courses\1.1.1 Overview of Large Language Model.pdf
2025-07-16 14:23:01,833 - unstructured_inference - INFO - Reading PDF for file: Data\ROS 2 Courses\11 Large AI Model Courses\01 Large Models Basic Courses\1.1 Large Language Model Courses\1.1.2 Large Language Model Deployment.pdf ...
2025-07-16 14:23:30,098 - PDFExtractor - INFO - Processed: ROS 2 Courses\11 Large AI Model Courses\01 Large Models Basic Courses\1.1 Large Language Model Courses\1.1.2 Large Language Model Deployment.pdf
2025-07-16 14:23:30,411 - unstructured_inference - INFO - Reading PDF for file: Data\ROS 2 Courses\11 Large AI Model Courses\01 Large Models Basic Courses\1.1 Large Language Model Courses\1.1.3 Large Language Model Accessing.pdf ...
2025-07-16 14:24:08,798 - PDFExtractor - INFO - Processed: ROS 2 Courses\11 Large AI Model Courses\01 Large Models Basic Courses\1.1 Large Language Model Courses\1.1.3 Large Language Model Accessing.pdf
2025-07-16 14:24:08,915 - unstructured_inference - INFO - Reading PDF for file: Data\ROS 2 Courses\11 Large AI Model Courses\01 Large Models Basic Courses\1.1 Large Language Model Courses\1.1.4 Semantic Understanding with Large Language Models.pdf ...
2025-07-16 14:24:19,726 - PDFExtractor - INFO - Processed: ROS 2 Courses\11 Large AI Model Courses\01 Large Models Basic Courses\1.1 Large Language Model Courses\1.1.4 Semantic Understanding with Large Language Models.pdf
2025-07-16 14:24:19,833 - unstructured_inference - INFO - Reading PDF for file: Data\ROS 2 Courses\11 Large AI Model Courses\01 Large Models Basic Courses\1.1 Large Language Model Courses\1.1.5 Emotional Perception with Large Language Model.pdf ...
2025-07-16 14:24:30,833 - PDFExtractor - INFO - Processed: ROS 2 Courses\11 Large AI Model Courses\01 Large Models Basic Courses\1.1 Large Language Model Courses\1.1.5 Emotional Perception with Large Language Model.pdf
2025-07-16 14:24:31,226 - unstructured_inference - INFO - Reading PDF for file: Data\ROS 2 Courses\11 Large AI Model Courses\01 Large Models Basic Courses\1.2 Large Speech Model Courses\1.2.1 Overview of Large Speech Model.pdf ...
2025-07-16 14:24:58,157 - PDFExtractor - INFO - Processed: ROS 2 Courses\11 Large AI Model Courses\01 Large Models Basic Courses\1.2 Large Speech Model Courses\1.2.1 Overview of Large Speech Model.pdf
2025-07-16 14:24:58,473 - unstructured_inference - INFO - Reading PDF for file: Data\ROS 2 Courses\11 Large AI Model Courses\01 Large Models Basic Courses\1.2 Large Speech Model Courses\1.2.2 Voice Device Introduction and Testing.pdf ...
2025-07-16 14:25:22,713 - PDFExtractor - INFO - Processed: ROS 2 Courses\11 Large AI Model Courses\01 Large Models Basic Courses\1.2 Large Speech Model Courses\1.2.2 Voice Device Introduction and Testing.pdf
2025-07-16 14:25:23,160 - unstructured_inference - INFO - Reading PDF for file: Data\ROS 2 Courses\11 Large AI Model Courses\01 Large Models Basic Courses\1.2 Large Speech Model Courses\1.2.3 Voice Wake-Up.pdf ...
2025-07-16 14:25:56,439 - PDFExtractor - INFO - Processed: ROS 2 Courses\11 Large AI Model Courses\01 Large Models Basic Courses\1.2 Large Speech Model Courses\1.2.3 Voice Wake-Up.pdf
2025-07-16 14:25:56,781 - unstructured_inference - INFO - Reading PDF for file: Data\ROS 2 Courses\11 Large AI Model Courses\01 Large Models Basic Courses\1.2 Large Speech Model Courses\1.2.4 Speech Recognition.pdf ...
2025-07-16 14:26:15,811 - PDFExtractor - INFO - Processed: ROS 2 Courses\11 Large AI Model Courses\01 Large Models Basic Courses\1.2 Large Speech Model Courses\1.2.4 Speech Recognition.pdf
2025-07-16 14:26:16,061 - unstructured_inference - INFO - Reading PDF for file: Data\ROS 2 Courses\11 Large AI Model Courses\01 Large Models Basic Courses\1.2 Large Speech Model Courses\1.2.5 Speech Synthesis.pdf ...
2025-07-16 14:26:40,272 - PDFExtractor - INFO - Processed: ROS 2 Courses\11 Large AI Model Courses\01 Large Models Basic Courses\1.2 Large Speech Model Courses\1.2.5 Speech Synthesis.pdf
2025-07-16 14:26:40,641 - unstructured_inference - INFO - Reading PDF for file: Data\ROS 2 Courses\11 Large AI Model Courses\01 Large Models Basic Courses\1.2 Large Speech Model Courses\1.2.6 Voice Interaction.pdf ...
2025-07-16 14:27:11,886 - PDFExtractor - INFO - Processed: ROS 2 Courses\11 Large AI Model Courses\01 Large Models Basic Courses\1.2 Large Speech Model Courses\1.2.6 Voice Interaction.pdf
2025-07-16 14:27:12,413 - unstructured_inference - INFO - Reading PDF for file: Data\ROS 2 Courses\11 Large AI Model Courses\01 Large Models Basic Courses\1.3 Vision Language Model Courses\1.3.1 Overview of Vision Language Model.pdf ...
2025-07-16 14:27:37,646 - PDFExtractor - INFO - Processed: ROS 2 Courses\11 Large AI Model Courses\01 Large Models Basic Courses\1.3 Vision Language Model Courses\1.3.1 Overview of Vision Language Model.pdf
2025-07-16 14:27:37,778 - unstructured_inference - INFO - Reading PDF for file: Data\ROS 2 Courses\11 Large AI Model Courses\01 Large Models Basic Courses\1.3 Vision Language Model Courses\1.3.2 Vision Language Model Accessing.pdf ...
2025-07-16 14:27:47,316 - PDFExtractor - INFO - Processed: ROS 2 Courses\11 Large AI Model Courses\01 Large Models Basic Courses\1.3 Vision Language Model Courses\1.3.2 Vision Language Model Accessing.pdf
2025-07-16 14:27:47,490 - unstructured_inference - INFO - Reading PDF for file: Data\ROS 2 Courses\11 Large AI Model Courses\01 Large Models Basic Courses\1.3 Vision Language Model Courses\1.3.3 Vision Language Model Application Object Detection.pdf ...
2025-07-16 14:28:05,888 - PDFExtractor - INFO - Processed: ROS 2 Courses\11 Large AI Model Courses\01 Large Models Basic Courses\1.3 Vision Language Model Courses\1.3.3 Vision Language Model Application Object Detection.pdf
2025-07-16 14:28:06,060 - unstructured_inference - INFO - Reading PDF for file: Data\ROS 2 Courses\11 Large AI Model Courses\01 Large Models Basic Courses\1.3 Vision Language Model Courses\1.3.4 Vision Language Model Application Scene Understanding.pdf ...
2025-07-16 14:28:25,603 - PDFExtractor - INFO - Processed: ROS 2 Courses\11 Large AI Model Courses\01 Large Models Basic Courses\1.3 Vision Language Model Courses\1.3.4 Vision Language Model Application Scene Understanding.pdf
2025-07-16 14:28:25,787 - unstructured_inference - INFO - Reading PDF for file: Data\ROS 2 Courses\11 Large AI Model Courses\01 Large Models Basic Courses\1.3 Vision Language Model Courses\1.3.5 Vision Language Model Application Optical Character Recognition.pdf ...
2025-07-16 14:28:39,700 - PDFExtractor - INFO - Processed: ROS 2 Courses\11 Large AI Model Courses\01 Large Models Basic Courses\1.3 Vision Language Model Courses\1.3.5 Vision Language Model Application Optical Character Recognition.pdf
2025-07-16 14:28:40,272 - unstructured_inference - INFO - Reading PDF for file: Data\ROS 2 Courses\11 Large AI Model Courses\01 Large Models Basic Courses\1.4 Multimodal Large Model Basic Courses\1.4.1 Overview of Multimodal Large Model.pdf ...
2025-07-16 14:29:08,914 - PDFExtractor - INFO - Processed: ROS 2 Courses\11 Large AI Model Courses\01 Large Models Basic Courses\1.4 Multimodal Large Model Basic Courses\1.4.1 Overview of Multimodal Large Model.pdf
2025-07-16 14:29:09,124 - unstructured_inference - INFO - Reading PDF for file: Data\ROS 2 Courses\11 Large AI Model Courses\01 Large Models Basic Courses\1.4 Multimodal Large Model Basic Courses\1.4.2 Agent Behavior Orchestration.pdf ...
2025-07-16 14:29:32,842 - PDFExtractor - INFO - Processed: ROS 2 Courses\11 Large AI Model Courses\01 Large Models Basic Courses\1.4 Multimodal Large Model Basic Courses\1.4.2 Agent Behavior Orchestration.pdf
2025-07-16 14:29:38,717 - faiss.loader - INFO - Loading faiss with AVX2 support.
2025-07-16 14:29:38,812 - faiss.loader - INFO - Successfully loaded faiss with AVX2 support.
2025-07-16 14:29:38,812 - faiss - INFO - Failed to load GPU Faiss: name 'GpuIndexIVFFlat' is not defined. Will not load constructor refs for GPU indexes. This is only an error if you're trying to use GPU Faiss.
2025-07-16 15:05:06,170 - faiss.loader - INFO - Loading faiss with AVX2 support.
2025-07-16 15:05:06,195 - faiss.loader - INFO - Successfully loaded faiss with AVX2 support.
2025-07-16 15:05:06,203 - faiss - INFO - Failed to load GPU Faiss: name 'GpuIndexIVFFlat' is not defined. Will not load constructor refs for GPU indexes. This is only an error if you're trying to use GPU Faiss.
2025-07-16 15:05:06,325 - werkzeug - INFO - [31m[1mWARNING: This is a development server. Do not use it in a production deployment. Use a production WSGI server instead.[0m
 * Running on all addresses (0.0.0.0)
 * Running on http://127.0.0.1:8080
 * Running on http://10.30.15.251:8080
2025-07-16 15:05:06,325 - werkzeug - INFO - [33mPress CTRL+C to quit[0m
2025-07-16 15:05:06,327 - werkzeug - INFO -  * Restarting with stat
2025-07-16 15:05:08,629 - faiss.loader - INFO - Loading faiss with AVX2 support.
2025-07-16 15:05:08,651 - faiss.loader - INFO - Successfully loaded faiss with AVX2 support.
2025-07-16 15:05:08,652 - faiss - INFO - Failed to load GPU Faiss: name 'GpuIndexIVFFlat' is not defined. Will not load constructor refs for GPU indexes. This is only an error if you're trying to use GPU Faiss.
2025-07-16 15:05:08,742 - werkzeug - WARNING -  * Debugger is active!
2025-07-16 15:05:08,744 - werkzeug - INFO -  * Debugger PIN: 775-430-247
2025-07-16 15:07:25,604 - werkzeug - INFO - 127.0.0.1 - - [16/Jul/2025 15:07:25] "GET / HTTP/1.1" 200 -
2025-07-16 15:07:25,773 - werkzeug - INFO - 127.0.0.1 - - [16/Jul/2025 15:07:25] "GET /static/style.css HTTP/1.1" 200 -
2025-07-16 15:07:28,797 - werkzeug - INFO - 127.0.0.1 - - [16/Jul/2025 15:07:28] "[33mGET /favicon.ico HTTP/1.1[0m" 404 -
2025-07-16 15:07:46,065 - werkzeug - INFO - 127.0.0.1 - - [16/Jul/2025 15:07:46] "POST /get HTTP/1.1" 200 -
2025-07-16 15:08:44,673 - werkzeug - INFO - 127.0.0.1 - - [16/Jul/2025 15:08:44] "POST /get HTTP/1.1" 200 -
2025-07-16 15:09:51,096 - werkzeug - INFO -  * Detected change in 'D:\\Final Year Project\\Resources Gen AI\\app.py', reloading
2025-07-16 15:09:53,402 - werkzeug - INFO -  * Restarting with stat
2025-07-16 15:09:56,012 - faiss.loader - INFO - Loading faiss with AVX2 support.
2025-07-16 15:09:56,033 - faiss.loader - INFO - Successfully loaded faiss with AVX2 support.
2025-07-16 15:09:56,039 - faiss - INFO - Failed to load GPU Faiss: name 'GpuIndexIVFFlat' is not defined. Will not load constructor refs for GPU indexes. This is only an error if you're trying to use GPU Faiss.
2025-07-16 15:09:56,135 - werkzeug - WARNING -  * Debugger is active!
2025-07-16 15:09:56,139 - werkzeug - INFO -  * Debugger PIN: 775-430-247
2025-07-16 15:15:14,925 - faiss.loader - INFO - Loading faiss with AVX2 support.
2025-07-16 15:15:14,960 - faiss.loader - INFO - Successfully loaded faiss with AVX2 support.
2025-07-16 15:15:14,967 - faiss - INFO - Failed to load GPU Faiss: name 'GpuIndexIVFFlat' is not defined. Will not load constructor refs for GPU indexes. This is only an error if you're trying to use GPU Faiss.
2025-07-16 15:15:16,076 - werkzeug - INFO - [31m[1mWARNING: This is a development server. Do not use it in a production deployment. Use a production WSGI server instead.[0m
 * Running on all addresses (0.0.0.0)
 * Running on http://127.0.0.1:8080
 * Running on http://10.30.15.251:8080
2025-07-16 15:15:16,076 - werkzeug - INFO - [33mPress CTRL+C to quit[0m
2025-07-16 15:15:16,077 - werkzeug - INFO -  * Restarting with stat
2025-07-16 15:15:18,505 - faiss.loader - INFO - Loading faiss with AVX2 support.
2025-07-16 15:15:18,523 - faiss.loader - INFO - Successfully loaded faiss with AVX2 support.
2025-07-16 15:15:18,533 - faiss - INFO - Failed to load GPU Faiss: name 'GpuIndexIVFFlat' is not defined. Will not load constructor refs for GPU indexes. This is only an error if you're trying to use GPU Faiss.
2025-07-16 15:15:19,247 - werkzeug - WARNING -  * Debugger is active!
2025-07-16 15:15:19,252 - werkzeug - INFO -  * Debugger PIN: 775-430-247
2025-07-16 15:16:14,016 - werkzeug - INFO - 127.0.0.1 - - [16/Jul/2025 15:16:14] "GET / HTTP/1.1" 200 -
2025-07-16 15:16:14,092 - werkzeug - INFO - 127.0.0.1 - - [16/Jul/2025 15:16:14] "[36mGET /static/style.css HTTP/1.1[0m" 304 -
2025-07-16 15:16:35,009 - werkzeug - INFO - 127.0.0.1 - - [16/Jul/2025 15:16:35] "POST /get HTTP/1.1" 200 -
2025-07-16 15:18:06,160 - werkzeug - INFO -  * Detected change in 'D:\\Final Year Project\\Resources Gen AI\\app.py', reloading
2025-07-16 15:18:08,450 - werkzeug - INFO -  * Restarting with stat
2025-07-16 15:18:10,909 - faiss.loader - INFO - Loading faiss with AVX2 support.
2025-07-16 15:18:10,926 - faiss.loader - INFO - Successfully loaded faiss with AVX2 support.
2025-07-16 15:18:10,947 - faiss - INFO - Failed to load GPU Faiss: name 'GpuIndexIVFFlat' is not defined. Will not load constructor refs for GPU indexes. This is only an error if you're trying to use GPU Faiss.
2025-07-16 15:18:11,691 - werkzeug - WARNING -  * Debugger is active!
2025-07-16 15:18:11,694 - werkzeug - INFO -  * Debugger PIN: 775-430-247
2025-07-16 15:19:11,793 - faiss.loader - INFO - Loading faiss with AVX2 support.
2025-07-16 15:19:11,817 - faiss.loader - INFO - Successfully loaded faiss with AVX2 support.
2025-07-16 15:19:11,817 - faiss - INFO - Failed to load GPU Faiss: name 'GpuIndexIVFFlat' is not defined. Will not load constructor refs for GPU indexes. This is only an error if you're trying to use GPU Faiss.
2025-07-16 15:19:12,530 - werkzeug - INFO - [31m[1mWARNING: This is a development server. Do not use it in a production deployment. Use a production WSGI server instead.[0m
 * Running on all addresses (0.0.0.0)
 * Running on http://127.0.0.1:8080
 * Running on http://10.30.15.251:8080
2025-07-16 15:19:12,531 - werkzeug - INFO - [33mPress CTRL+C to quit[0m
2025-07-16 15:19:12,532 - werkzeug - INFO -  * Restarting with stat
2025-07-16 15:19:14,902 - faiss.loader - INFO - Loading faiss with AVX2 support.
2025-07-16 15:19:14,923 - faiss.loader - INFO - Successfully loaded faiss with AVX2 support.
2025-07-16 15:19:14,923 - faiss - INFO - Failed to load GPU Faiss: name 'GpuIndexIVFFlat' is not defined. Will not load constructor refs for GPU indexes. This is only an error if you're trying to use GPU Faiss.
2025-07-16 15:19:15,609 - werkzeug - WARNING -  * Debugger is active!
2025-07-16 15:19:15,611 - werkzeug - INFO -  * Debugger PIN: 775-430-247
2025-07-16 15:19:29,848 - werkzeug - INFO - 127.0.0.1 - - [16/Jul/2025 15:19:29] "GET / HTTP/1.1" 200 -
2025-07-16 15:19:29,933 - werkzeug - INFO - 127.0.0.1 - - [16/Jul/2025 15:19:29] "[36mGET /static/style.css HTTP/1.1[0m" 304 -
2025-07-16 15:19:40,159 - werkzeug - INFO - 127.0.0.1 - - [16/Jul/2025 15:19:40] "POST /get HTTP/1.1" 200 -
2025-07-16 15:20:13,913 - werkzeug - INFO - 127.0.0.1 - - [16/Jul/2025 15:20:13] "POST /get HTTP/1.1" 200 -
2025-07-16 15:22:33,225 - werkzeug - INFO -  * Detected change in 'D:\\Final Year Project\\Resources Gen AI\\app.py', reloading
2025-07-16 15:22:35,538 - werkzeug - INFO -  * Restarting with stat
2025-07-16 15:23:55,911 - faiss.loader - INFO - Loading faiss with AVX2 support.
2025-07-16 15:23:55,927 - faiss.loader - INFO - Successfully loaded faiss with AVX2 support.
2025-07-16 15:23:55,950 - faiss - INFO - Failed to load GPU Faiss: name 'GpuIndexIVFFlat' is not defined. Will not load constructor refs for GPU indexes. This is only an error if you're trying to use GPU Faiss.
2025-07-16 15:23:57,008 - werkzeug - INFO - [31m[1mWARNING: This is a development server. Do not use it in a production deployment. Use a production WSGI server instead.[0m
 * Running on all addresses (0.0.0.0)
 * Running on http://127.0.0.1:8080
 * Running on http://10.30.15.251:8080
2025-07-16 15:23:57,015 - werkzeug - INFO - [33mPress CTRL+C to quit[0m
2025-07-16 15:23:57,034 - werkzeug - INFO -  * Restarting with stat
2025-07-16 15:23:59,358 - faiss.loader - INFO - Loading faiss with AVX2 support.
2025-07-16 15:23:59,391 - faiss.loader - INFO - Successfully loaded faiss with AVX2 support.
2025-07-16 15:23:59,396 - faiss - INFO - Failed to load GPU Faiss: name 'GpuIndexIVFFlat' is not defined. Will not load constructor refs for GPU indexes. This is only an error if you're trying to use GPU Faiss.
2025-07-16 15:24:00,118 - werkzeug - WARNING -  * Debugger is active!
2025-07-16 15:24:00,120 - werkzeug - INFO -  * Debugger PIN: 775-430-247
2025-07-16 15:24:13,928 - werkzeug - INFO - 10.30.15.251 - - [16/Jul/2025 15:24:13] "GET / HTTP/1.1" 200 -
2025-07-16 15:24:14,066 - werkzeug - INFO - 10.30.15.251 - - [16/Jul/2025 15:24:14] "GET /static/style.css HTTP/1.1" 200 -
2025-07-16 15:24:17,083 - werkzeug - INFO - 10.30.15.251 - - [16/Jul/2025 15:24:17] "[33mGET /favicon.ico HTTP/1.1[0m" 404 -
2025-07-16 15:24:30,775 - werkzeug - INFO - 10.30.15.251 - - [16/Jul/2025 15:24:30] "POST /get HTTP/1.1" 200 -
2025-07-16 15:24:42,686 - werkzeug - INFO -  * Detected change in 'D:\\Final Year Project\\Resources Gen AI\\app.py', reloading
2025-07-16 15:24:44,970 - werkzeug - INFO -  * Restarting with stat
2025-07-16 15:24:47,363 - faiss.loader - INFO - Loading faiss with AVX2 support.
2025-07-16 15:24:47,381 - faiss.loader - INFO - Successfully loaded faiss with AVX2 support.
2025-07-16 15:24:47,381 - faiss - INFO - Failed to load GPU Faiss: name 'GpuIndexIVFFlat' is not defined. Will not load constructor refs for GPU indexes. This is only an error if you're trying to use GPU Faiss.
2025-07-16 15:24:48,097 - werkzeug - WARNING -  * Debugger is active!
2025-07-16 15:24:48,100 - werkzeug - INFO -  * Debugger PIN: 775-430-247
2025-07-16 15:26:45,022 - werkzeug - INFO -  * Detected change in 'D:\\Final Year Project\\Resources Gen AI\\app.py', reloading
2025-07-16 15:26:47,318 - werkzeug - INFO -  * Restarting with stat
2025-07-16 15:26:49,825 - faiss.loader - INFO - Loading faiss with AVX2 support.
2025-07-16 15:26:49,844 - faiss.loader - INFO - Successfully loaded faiss with AVX2 support.
2025-07-16 15:26:49,847 - faiss - INFO - Failed to load GPU Faiss: name 'GpuIndexIVFFlat' is not defined. Will not load constructor refs for GPU indexes. This is only an error if you're trying to use GPU Faiss.
2025-07-16 15:26:50,557 - werkzeug - WARNING -  * Debugger is active!
2025-07-16 15:26:50,574 - werkzeug - INFO -  * Debugger PIN: 775-430-247
2025-07-16 15:30:03,960 - faiss.loader - INFO - Loading faiss with AVX2 support.
2025-07-16 15:30:03,982 - faiss.loader - INFO - Successfully loaded faiss with AVX2 support.
2025-07-16 15:30:03,988 - faiss - INFO - Failed to load GPU Faiss: name 'GpuIndexIVFFlat' is not defined. Will not load constructor refs for GPU indexes. This is only an error if you're trying to use GPU Faiss.
2025-07-16 15:30:04,783 - werkzeug - INFO - [31m[1mWARNING: This is a development server. Do not use it in a production deployment. Use a production WSGI server instead.[0m
 * Running on all addresses (0.0.0.0)
 * Running on http://127.0.0.1:8080
 * Running on http://10.30.15.251:8080
2025-07-16 15:30:04,783 - werkzeug - INFO - [33mPress CTRL+C to quit[0m
2025-07-16 15:30:04,783 - werkzeug - INFO -  * Restarting with stat
2025-07-16 15:30:07,262 - faiss.loader - INFO - Loading faiss with AVX2 support.
2025-07-16 15:30:07,284 - faiss.loader - INFO - Successfully loaded faiss with AVX2 support.
2025-07-16 15:30:07,289 - faiss - INFO - Failed to load GPU Faiss: name 'GpuIndexIVFFlat' is not defined. Will not load constructor refs for GPU indexes. This is only an error if you're trying to use GPU Faiss.
2025-07-16 15:30:08,014 - werkzeug - WARNING -  * Debugger is active!
2025-07-16 15:30:08,016 - werkzeug - INFO -  * Debugger PIN: 775-430-247
2025-07-16 15:30:14,119 - werkzeug - INFO - 127.0.0.1 - - [16/Jul/2025 15:30:14] "GET / HTTP/1.1" 200 -
2025-07-16 15:30:14,206 - werkzeug - INFO - 127.0.0.1 - - [16/Jul/2025 15:30:14] "GET /static/style.css HTTP/1.1" 200 -
2025-07-16 15:31:55,739 - faiss.loader - INFO - Loading faiss with AVX2 support.
2025-07-16 15:31:55,760 - faiss.loader - INFO - Successfully loaded faiss with AVX2 support.
2025-07-16 15:31:55,761 - faiss - INFO - Failed to load GPU Faiss: name 'GpuIndexIVFFlat' is not defined. Will not load constructor refs for GPU indexes. This is only an error if you're trying to use GPU Faiss.
2025-07-16 15:31:56,469 - werkzeug - INFO - [31m[1mWARNING: This is a development server. Do not use it in a production deployment. Use a production WSGI server instead.[0m
 * Running on all addresses (0.0.0.0)
 * Running on http://127.0.0.1:8080
 * Running on http://10.30.15.251:8080
2025-07-16 15:31:56,470 - werkzeug - INFO - [33mPress CTRL+C to quit[0m
2025-07-16 15:31:56,471 - werkzeug - INFO -  * Restarting with stat
2025-07-16 15:31:58,844 - faiss.loader - INFO - Loading faiss with AVX2 support.
2025-07-16 15:31:58,864 - faiss.loader - INFO - Successfully loaded faiss with AVX2 support.
2025-07-16 15:31:58,870 - faiss - INFO - Failed to load GPU Faiss: name 'GpuIndexIVFFlat' is not defined. Will not load constructor refs for GPU indexes. This is only an error if you're trying to use GPU Faiss.
2025-07-16 15:31:59,560 - werkzeug - WARNING -  * Debugger is active!
2025-07-16 15:31:59,564 - werkzeug - INFO -  * Debugger PIN: 775-430-247
2025-07-16 15:32:08,405 - werkzeug - INFO - 10.30.15.251 - - [16/Jul/2025 15:32:08] "GET / HTTP/1.1" 200 -
2025-07-16 15:32:08,484 - werkzeug - INFO - 10.30.15.251 - - [16/Jul/2025 15:32:08] "GET /static/style.css HTTP/1.1" 200 -
2025-07-16 15:32:26,489 - werkzeug - INFO - 10.30.15.251 - - [16/Jul/2025 15:32:26] "POST /get HTTP/1.1" 200 -
2025-07-16 15:33:06,313 - werkzeug - INFO - 10.30.15.251 - - [16/Jul/2025 15:33:06] "POST /get HTTP/1.1" 200 -
2025-07-16 15:33:31,959 - werkzeug - INFO - 10.30.15.251 - - [16/Jul/2025 15:33:31] "POST /get HTTP/1.1" 200 -
2025-07-16 15:38:07,974 - werkzeug - INFO - 10.30.15.251 - - [16/Jul/2025 15:38:07] "GET / HTTP/1.1" 200 -
2025-07-16 15:38:07,988 - werkzeug - INFO - 10.30.15.251 - - [16/Jul/2025 15:38:07] "[33mGET /image.jpg HTTP/1.1[0m" 404 -
2025-07-16 15:38:07,995 - werkzeug - INFO - 10.30.15.251 - - [16/Jul/2025 15:38:07] "[36mGET /static/style.css HTTP/1.1[0m" 304 -
2025-07-16 15:40:10,290 - faiss.loader - INFO - Loading faiss with AVX2 support.
2025-07-16 15:40:10,312 - faiss.loader - INFO - Successfully loaded faiss with AVX2 support.
2025-07-16 15:40:10,321 - faiss - INFO - Failed to load GPU Faiss: name 'GpuIndexIVFFlat' is not defined. Will not load constructor refs for GPU indexes. This is only an error if you're trying to use GPU Faiss.
2025-07-16 15:40:11,243 - werkzeug - INFO - [31m[1mWARNING: This is a development server. Do not use it in a production deployment. Use a production WSGI server instead.[0m
 * Running on all addresses (0.0.0.0)
 * Running on http://127.0.0.1:8080
 * Running on http://10.30.15.251:8080
2025-07-16 15:40:11,243 - werkzeug - INFO - [33mPress CTRL+C to quit[0m
2025-07-16 15:40:11,243 - werkzeug - INFO -  * Restarting with stat
2025-07-16 15:40:13,648 - faiss.loader - INFO - Loading faiss with AVX2 support.
2025-07-16 15:40:13,667 - faiss.loader - INFO - Successfully loaded faiss with AVX2 support.
2025-07-16 15:40:13,673 - faiss - INFO - Failed to load GPU Faiss: name 'GpuIndexIVFFlat' is not defined. Will not load constructor refs for GPU indexes. This is only an error if you're trying to use GPU Faiss.
2025-07-16 15:40:14,380 - werkzeug - WARNING -  * Debugger is active!
2025-07-16 15:40:14,381 - werkzeug - INFO -  * Debugger PIN: 775-430-247
2025-07-16 15:40:19,026 - werkzeug - INFO - 10.30.15.251 - - [16/Jul/2025 15:40:19] "GET / HTTP/1.1" 200 -
2025-07-16 15:40:19,055 - werkzeug - INFO - 10.30.15.251 - - [16/Jul/2025 15:40:19] "[33mGET /image.jpg HTTP/1.1[0m" 404 -
2025-07-16 15:40:19,118 - werkzeug - INFO - 10.30.15.251 - - [16/Jul/2025 15:40:19] "[36mGET /static/style.css HTTP/1.1[0m" 304 -
2025-07-16 15:40:32,944 - werkzeug - INFO - 10.30.15.251 - - [16/Jul/2025 15:40:32] "POST /get HTTP/1.1" 200 -
2025-07-16 15:46:13,757 - faiss.loader - INFO - Loading faiss with AVX2 support.
2025-07-16 15:46:13,779 - faiss.loader - INFO - Successfully loaded faiss with AVX2 support.
2025-07-16 15:46:13,786 - faiss - INFO - Failed to load GPU Faiss: name 'GpuIndexIVFFlat' is not defined. Will not load constructor refs for GPU indexes. This is only an error if you're trying to use GPU Faiss.
2025-07-16 15:46:15,414 - werkzeug - INFO - [31m[1mWARNING: This is a development server. Do not use it in a production deployment. Use a production WSGI server instead.[0m
 * Running on all addresses (0.0.0.0)
 * Running on http://127.0.0.1:8080
 * Running on http://10.30.15.251:8080
2025-07-16 15:46:15,414 - werkzeug - INFO - [33mPress CTRL+C to quit[0m
2025-07-16 15:46:15,426 - werkzeug - INFO -  * Restarting with stat
2025-07-16 15:46:17,848 - faiss.loader - INFO - Loading faiss with AVX2 support.
2025-07-16 15:46:17,866 - faiss.loader - INFO - Successfully loaded faiss with AVX2 support.
2025-07-16 15:46:17,874 - faiss - INFO - Failed to load GPU Faiss: name 'GpuIndexIVFFlat' is not defined. Will not load constructor refs for GPU indexes. This is only an error if you're trying to use GPU Faiss.
2025-07-16 15:46:18,538 - werkzeug - WARNING -  * Debugger is active!
2025-07-16 15:46:18,542 - werkzeug - INFO -  * Debugger PIN: 775-430-247
2025-07-16 15:46:21,640 - werkzeug - INFO - 127.0.0.1 - - [16/Jul/2025 15:46:21] "GET / HTTP/1.1" 200 -
2025-07-16 15:46:21,742 - werkzeug - INFO - 127.0.0.1 - - [16/Jul/2025 15:46:21] "GET /static/robot.jpg HTTP/1.1" 200 -
2025-07-16 15:46:21,791 - werkzeug - INFO - 127.0.0.1 - - [16/Jul/2025 15:46:21] "GET /static/style.css HTTP/1.1" 200 -
2025-07-16 15:46:26,898 - werkzeug - INFO - 127.0.0.1 - - [16/Jul/2025 15:46:26] "[33mGET /static/image.jpg HTTP/1.1[0m" 404 -
2025-07-16 15:46:37,547 - werkzeug - INFO - 127.0.0.1 - - [16/Jul/2025 15:46:37] "POST /get HTTP/1.1" 200 -
2025-07-16 15:50:45,802 - faiss.loader - INFO - Loading faiss with AVX2 support.
2025-07-16 15:50:45,824 - faiss.loader - INFO - Successfully loaded faiss with AVX2 support.
2025-07-16 15:50:45,824 - faiss - INFO - Failed to load GPU Faiss: name 'GpuIndexIVFFlat' is not defined. Will not load constructor refs for GPU indexes. This is only an error if you're trying to use GPU Faiss.
2025-07-16 15:50:46,570 - werkzeug - INFO - [31m[1mWARNING: This is a development server. Do not use it in a production deployment. Use a production WSGI server instead.[0m
 * Running on all addresses (0.0.0.0)
 * Running on http://127.0.0.1:8080
 * Running on http://10.30.15.251:8080
2025-07-16 15:50:46,570 - werkzeug - INFO - [33mPress CTRL+C to quit[0m
2025-07-16 15:50:46,570 - werkzeug - INFO -  * Restarting with stat
2025-07-16 15:50:48,909 - faiss.loader - INFO - Loading faiss with AVX2 support.
2025-07-16 15:50:48,937 - faiss.loader - INFO - Successfully loaded faiss with AVX2 support.
2025-07-16 15:50:48,944 - faiss - INFO - Failed to load GPU Faiss: name 'GpuIndexIVFFlat' is not defined. Will not load constructor refs for GPU indexes. This is only an error if you're trying to use GPU Faiss.
2025-07-16 15:50:49,687 - werkzeug - WARNING -  * Debugger is active!
2025-07-16 15:50:49,689 - werkzeug - INFO -  * Debugger PIN: 775-430-247
2025-07-16 15:50:58,422 - werkzeug - INFO - 127.0.0.1 - - [16/Jul/2025 15:50:58] "GET / HTTP/1.1" 200 -
2025-07-16 15:50:58,519 - werkzeug - INFO - 127.0.0.1 - - [16/Jul/2025 15:50:58] "[36mGET /static/robot.jpg HTTP/1.1[0m" 304 -
2025-07-16 15:50:58,519 - werkzeug - INFO - 127.0.0.1 - - [16/Jul/2025 15:50:58] "[36mGET /static/style.css HTTP/1.1[0m" 304 -
2025-07-16 15:51:31,580 - werkzeug - INFO - 127.0.0.1 - - [16/Jul/2025 15:51:31] "GET /static/image.jpg HTTP/1.1" 200 -
2025-07-16 15:51:39,108 - werkzeug - INFO - 127.0.0.1 - - [16/Jul/2025 15:51:39] "POST /get HTTP/1.1" 200 -
2025-07-16 19:54:45,291 - faiss.loader - INFO - Loading faiss with AVX2 support.
2025-07-16 19:54:45,615 - faiss.loader - INFO - Successfully loaded faiss with AVX2 support.
2025-07-16 19:54:45,621 - faiss - INFO - Failed to load GPU Faiss: name 'GpuIndexIVFFlat' is not defined. Will not load constructor refs for GPU indexes. This is only an error if you're trying to use GPU Faiss.
2025-07-16 19:54:47,123 - werkzeug - INFO - [31m[1mWARNING: This is a development server. Do not use it in a production deployment. Use a production WSGI server instead.[0m
 * Running on all addresses (0.0.0.0)
 * Running on http://127.0.0.1:8080
 * Running on http://192.168.8.144:8080
2025-07-16 19:54:47,124 - werkzeug - INFO - [33mPress CTRL+C to quit[0m
2025-07-16 19:54:47,126 - werkzeug - INFO -  * Restarting with stat
2025-07-16 19:54:49,526 - faiss.loader - INFO - Loading faiss with AVX2 support.
2025-07-16 19:54:49,551 - faiss.loader - INFO - Successfully loaded faiss with AVX2 support.
2025-07-16 19:54:49,556 - faiss - INFO - Failed to load GPU Faiss: name 'GpuIndexIVFFlat' is not defined. Will not load constructor refs for GPU indexes. This is only an error if you're trying to use GPU Faiss.
2025-07-16 19:54:51,730 - werkzeug - WARNING -  * Debugger is active!
2025-07-16 19:54:51,736 - werkzeug - INFO -  * Debugger PIN: 775-430-247
2025-07-16 19:54:53,277 - werkzeug - INFO - 127.0.0.1 - - [16/Jul/2025 19:54:53] "GET / HTTP/1.1" 200 -
2025-07-16 19:54:53,414 - werkzeug - INFO - 127.0.0.1 - - [16/Jul/2025 19:54:53] "GET /static/style.css HTTP/1.1" 200 -
2025-07-16 19:54:53,456 - werkzeug - INFO - 127.0.0.1 - - [16/Jul/2025 19:54:53] "[36mGET /static/robot.jpg HTTP/1.1[0m" 304 -
2025-07-16 19:54:53,686 - werkzeug - INFO - 127.0.0.1 - - [16/Jul/2025 19:54:53] "[33mGET /favicon.ico HTTP/1.1[0m" 404 -
2025-07-16 19:59:27,999 - werkzeug - INFO - 127.0.0.1 - - [16/Jul/2025 19:59:27] "[36mGET /static/image.jpg HTTP/1.1[0m" 304 -
2025-07-16 19:59:38,836 - werkzeug - INFO - 127.0.0.1 - - [16/Jul/2025 19:59:38] "POST /get HTTP/1.1" 200 -
2025-07-16 20:02:47,966 - werkzeug - INFO - 127.0.0.1 - - [16/Jul/2025 20:02:47] "[35m[1mPOST /get HTTP/1.1[0m" 500 -
2025-07-16 20:15:46,459 - faiss.loader - INFO - Loading faiss with AVX2 support.
2025-07-16 20:15:46,482 - faiss.loader - INFO - Successfully loaded faiss with AVX2 support.
2025-07-16 20:15:46,489 - faiss - INFO - Failed to load GPU Faiss: name 'GpuIndexIVFFlat' is not defined. Will not load constructor refs for GPU indexes. This is only an error if you're trying to use GPU Faiss.
2025-07-16 20:15:48,288 - werkzeug - INFO - [31m[1mWARNING: This is a development server. Do not use it in a production deployment. Use a production WSGI server instead.[0m
 * Running on all addresses (0.0.0.0)
 * Running on http://127.0.0.1:8080
 * Running on http://192.168.8.144:8080
2025-07-16 20:15:48,288 - werkzeug - INFO - [33mPress CTRL+C to quit[0m
2025-07-16 20:15:48,288 - werkzeug - INFO -  * Restarting with stat
2025-07-16 20:15:50,625 - faiss.loader - INFO - Loading faiss with AVX2 support.
2025-07-16 20:15:50,661 - faiss.loader - INFO - Successfully loaded faiss with AVX2 support.
2025-07-16 20:15:50,663 - faiss - INFO - Failed to load GPU Faiss: name 'GpuIndexIVFFlat' is not defined. Will not load constructor refs for GPU indexes. This is only an error if you're trying to use GPU Faiss.
2025-07-16 20:15:51,530 - werkzeug - WARNING -  * Debugger is active!
2025-07-16 20:15:51,548 - werkzeug - INFO -  * Debugger PIN: 775-430-247
2025-07-16 20:16:31,284 - werkzeug - INFO - 127.0.0.1 - - [16/Jul/2025 20:16:31] "GET / HTTP/1.1" 200 -
2025-07-16 20:16:31,367 - werkzeug - INFO - 127.0.0.1 - - [16/Jul/2025 20:16:31] "GET /static/style.css HTTP/1.1" 200 -
2025-07-16 20:16:31,375 - werkzeug - INFO - 127.0.0.1 - - [16/Jul/2025 20:16:31] "[36mGET /static/robot.jpg HTTP/1.1[0m" 304 -
2025-07-16 20:16:41,216 - werkzeug - INFO - 127.0.0.1 - - [16/Jul/2025 20:16:41] "[36mGET /static/image.jpg HTTP/1.1[0m" 304 -
2025-07-16 20:16:50,664 - werkzeug - INFO - 127.0.0.1 - - [16/Jul/2025 20:16:50] "POST /get HTTP/1.1" 200 -
2025-07-16 20:36:23,711 - faiss.loader - INFO - Loading faiss with AVX2 support.
2025-07-16 20:36:23,956 - faiss.loader - INFO - Successfully loaded faiss with AVX2 support.
2025-07-16 20:36:23,965 - faiss - INFO - Failed to load GPU Faiss: name 'GpuIndexIVFFlat' is not defined. Will not load constructor refs for GPU indexes. This is only an error if you're trying to use GPU Faiss.
2025-07-16 20:36:25,360 - werkzeug - INFO - [31m[1mWARNING: This is a development server. Do not use it in a production deployment. Use a production WSGI server instead.[0m
 * Running on all addresses (0.0.0.0)
 * Running on http://127.0.0.1:8080
 * Running on http://192.168.8.144:8080
2025-07-16 20:36:25,360 - werkzeug - INFO - [33mPress CTRL+C to quit[0m
2025-07-16 20:36:25,372 - werkzeug - INFO -  * Restarting with stat
2025-07-16 20:36:27,808 - faiss.loader - INFO - Loading faiss with AVX2 support.
2025-07-16 20:36:27,830 - faiss.loader - INFO - Successfully loaded faiss with AVX2 support.
2025-07-16 20:36:27,837 - faiss - INFO - Failed to load GPU Faiss: name 'GpuIndexIVFFlat' is not defined. Will not load constructor refs for GPU indexes. This is only an error if you're trying to use GPU Faiss.
2025-07-16 20:36:28,772 - werkzeug - WARNING -  * Debugger is active!
2025-07-16 20:36:28,787 - werkzeug - INFO -  * Debugger PIN: 775-430-247
2025-07-16 20:36:33,255 - werkzeug - INFO - 192.168.8.144 - - [16/Jul/2025 20:36:33] "GET / HTTP/1.1" 200 -
2025-07-16 20:36:33,358 - werkzeug - INFO - 192.168.8.144 - - [16/Jul/2025 20:36:33] "GET /static/style.css HTTP/1.1" 200 -
2025-07-16 20:36:34,217 - werkzeug - INFO - 192.168.8.144 - - [16/Jul/2025 20:36:34] "GET /static/robot.jpg HTTP/1.1" 200 -
2025-07-16 20:36:39,452 - werkzeug - INFO - 192.168.8.144 - - [16/Jul/2025 20:36:39] "[33mGET /favicon.ico HTTP/1.1[0m" 404 -
2025-07-16 20:36:46,043 - werkzeug - INFO - 192.168.8.144 - - [16/Jul/2025 20:36:46] "GET /static/image.jpg HTTP/1.1" 200 -
2025-07-16 20:36:53,761 - werkzeug - INFO - 192.168.8.144 - - [16/Jul/2025 20:36:53] "POST /get HTTP/1.1" 200 -
2025-07-16 20:40:41,284 - faiss.loader - INFO - Loading faiss with AVX2 support.
2025-07-16 20:40:41,318 - faiss.loader - INFO - Successfully loaded faiss with AVX2 support.
2025-07-16 20:40:41,326 - faiss - INFO - Failed to load GPU Faiss: name 'GpuIndexIVFFlat' is not defined. Will not load constructor refs for GPU indexes. This is only an error if you're trying to use GPU Faiss.
2025-07-16 20:40:42,375 - werkzeug - INFO - [31m[1mWARNING: This is a development server. Do not use it in a production deployment. Use a production WSGI server instead.[0m
 * Running on all addresses (0.0.0.0)
 * Running on http://127.0.0.1:8080
 * Running on http://192.168.8.144:8080
2025-07-16 20:40:42,375 - werkzeug - INFO - [33mPress CTRL+C to quit[0m
2025-07-16 20:40:42,375 - werkzeug - INFO -  * Restarting with stat
2025-07-16 20:40:44,651 - faiss.loader - INFO - Loading faiss with AVX2 support.
2025-07-16 20:40:44,682 - faiss.loader - INFO - Successfully loaded faiss with AVX2 support.
2025-07-16 20:40:44,682 - faiss - INFO - Failed to load GPU Faiss: name 'GpuIndexIVFFlat' is not defined. Will not load constructor refs for GPU indexes. This is only an error if you're trying to use GPU Faiss.
2025-07-16 20:40:54,521 - werkzeug - WARNING -  * Debugger is active!
2025-07-16 20:40:54,524 - werkzeug - INFO -  * Debugger PIN: 775-430-247
2025-07-16 20:41:11,722 - werkzeug - INFO -  * Detected change in 'D:\\Final Year Project\\Resources Gen AI\\app.py', reloading
2025-07-16 20:41:14,018 - werkzeug - INFO -  * Restarting with stat
2025-07-16 20:41:16,329 - faiss.loader - INFO - Loading faiss with AVX2 support.
2025-07-16 20:41:16,345 - faiss.loader - INFO - Successfully loaded faiss with AVX2 support.
2025-07-16 20:41:16,366 - faiss - INFO - Failed to load GPU Faiss: name 'GpuIndexIVFFlat' is not defined. Will not load constructor refs for GPU indexes. This is only an error if you're trying to use GPU Faiss.
2025-07-16 20:41:16,480 - werkzeug - WARNING -  * Debugger is active!
2025-07-16 20:41:16,480 - werkzeug - INFO -  * Debugger PIN: 775-430-247
2025-07-16 20:41:21,356 - werkzeug - INFO - 127.0.0.1 - - [16/Jul/2025 20:41:21] "GET / HTTP/1.1" 200 -
2025-07-16 20:41:21,454 - werkzeug - INFO - 127.0.0.1 - - [16/Jul/2025 20:41:21] "[36mGET /static/robot.jpg HTTP/1.1[0m" 304 -
2025-07-16 20:41:21,465 - werkzeug - INFO - 127.0.0.1 - - [16/Jul/2025 20:41:21] "GET /static/style.css HTTP/1.1" 200 -
2025-07-16 20:41:21,965 - werkzeug - INFO - 127.0.0.1 - - [16/Jul/2025 20:41:21] "[33mGET /favicon.ico HTTP/1.1[0m" 404 -
2025-07-16 20:51:00,649 - faiss.loader - INFO - Loading faiss with AVX2 support.
2025-07-16 20:51:00,670 - faiss.loader - INFO - Successfully loaded faiss with AVX2 support.
2025-07-16 20:51:00,678 - faiss - INFO - Failed to load GPU Faiss: name 'GpuIndexIVFFlat' is not defined. Will not load constructor refs for GPU indexes. This is only an error if you're trying to use GPU Faiss.
2025-07-16 20:51:00,783 - werkzeug - INFO - [31m[1mWARNING: This is a development server. Do not use it in a production deployment. Use a production WSGI server instead.[0m
 * Running on all addresses (0.0.0.0)
 * Running on http://127.0.0.1:8080
 * Running on http://192.168.8.144:8080
2025-07-16 20:51:00,783 - werkzeug - INFO - [33mPress CTRL+C to quit[0m
2025-07-16 20:51:00,785 - werkzeug - INFO -  * Restarting with stat
2025-07-16 20:51:03,141 - faiss.loader - INFO - Loading faiss with AVX2 support.
2025-07-16 20:51:03,167 - faiss.loader - INFO - Successfully loaded faiss with AVX2 support.
2025-07-16 20:51:03,173 - faiss - INFO - Failed to load GPU Faiss: name 'GpuIndexIVFFlat' is not defined. Will not load constructor refs for GPU indexes. This is only an error if you're trying to use GPU Faiss.
2025-07-16 20:51:03,259 - werkzeug - WARNING -  * Debugger is active!
2025-07-16 20:51:03,262 - werkzeug - INFO -  * Debugger PIN: 775-430-247
2025-07-16 20:51:06,117 - werkzeug - INFO - 127.0.0.1 - - [16/Jul/2025 20:51:06] "GET / HTTP/1.1" 200 -
2025-07-16 20:51:06,223 - werkzeug - INFO - 127.0.0.1 - - [16/Jul/2025 20:51:06] "[36mGET /static/robot.jpg HTTP/1.1[0m" 304 -
2025-07-16 20:51:06,245 - werkzeug - INFO - 127.0.0.1 - - [16/Jul/2025 20:51:06] "GET /static/style.css HTTP/1.1" 200 -
2025-07-16 20:51:13,929 - werkzeug - INFO - 127.0.0.1 - - [16/Jul/2025 20:51:13] "[36mGET /static/image.jpg HTTP/1.1[0m" 304 -
2025-07-16 20:51:22,893 - werkzeug - INFO - 127.0.0.1 - - [16/Jul/2025 20:51:22] "POST /get HTTP/1.1" 200 -
2025-07-16 20:52:34,136 - faiss.loader - INFO - Loading faiss with AVX2 support.
2025-07-16 20:52:34,157 - faiss.loader - INFO - Successfully loaded faiss with AVX2 support.
2025-07-16 20:52:34,164 - faiss - INFO - Failed to load GPU Faiss: name 'GpuIndexIVFFlat' is not defined. Will not load constructor refs for GPU indexes. This is only an error if you're trying to use GPU Faiss.
2025-07-16 20:52:34,266 - werkzeug - INFO - [31m[1mWARNING: This is a development server. Do not use it in a production deployment. Use a production WSGI server instead.[0m
 * Running on all addresses (0.0.0.0)
 * Running on http://127.0.0.1:8080
 * Running on http://192.168.8.144:8080
2025-07-16 20:52:34,266 - werkzeug - INFO - [33mPress CTRL+C to quit[0m
2025-07-16 20:52:34,266 - werkzeug - INFO -  * Restarting with stat
2025-07-16 20:52:37,206 - faiss.loader - INFO - Loading faiss with AVX2 support.
2025-07-16 20:52:37,254 - faiss.loader - INFO - Successfully loaded faiss with AVX2 support.
2025-07-16 20:52:37,258 - faiss - INFO - Failed to load GPU Faiss: name 'GpuIndexIVFFlat' is not defined. Will not load constructor refs for GPU indexes. This is only an error if you're trying to use GPU Faiss.
2025-07-16 20:52:37,406 - werkzeug - WARNING -  * Debugger is active!
2025-07-16 20:52:37,406 - werkzeug - INFO -  * Debugger PIN: 775-430-247
2025-07-16 20:52:44,987 - werkzeug - INFO - 127.0.0.1 - - [16/Jul/2025 20:52:44] "GET / HTTP/1.1" 200 -
2025-07-16 20:52:45,093 - werkzeug - INFO - 127.0.0.1 - - [16/Jul/2025 20:52:45] "[36mGET /static/robot.jpg HTTP/1.1[0m" 304 -
2025-07-16 20:52:45,106 - werkzeug - INFO - 127.0.0.1 - - [16/Jul/2025 20:52:45] "GET /static/style.css HTTP/1.1" 200 -
